[    1299ms] [ERROR] Failed to load resource: the server responded with a status of 404 () @ https://srhpdgqqiuzdrlqaitdk.supabase.co/rest/v1/coach_assignments?select=coach%3Aprofiles%21coach_assignments_coach_id_fkey%28id%2Cfull_name%2Cavatar_url%2Cbio%29&client_id=eq.12e2e0fe-cc7e-4a71-b806-f98d2b58e27e&status=eq.active&limit=1:0
[   36722ms] [ERROR] Failed to load resource: the server responded with a status of 400 () @ https://srhpdgqqiuzdrlqaitdk.supabase.co/rest/v1/profiles?id=eq.12e2e0fe-cc7e-4a71-b806-f98d2b58e27e:0
[   36723ms] [WARNING] Profile update skipped: Could not find the 'business_type' column of 'profiles' in the schema cache @ http://localhost:3000/_next/static/chunks/node_modules_next_dist_f3530cac._.js:2297
[   36977ms] [ERROR] Failed to load resource: the server responded with a status of 400 () @ https://srhpdgqqiuzdrlqaitdk.supabase.co/rest/v1/profiles?select=id%2Cfull_name%2Cspecialties&role=eq.coach:0
[   36978ms] [ERROR] [autoAssignCSM] Erreur chargement coaches: column profiles.specialties does not exist @ http://localhost:3000/_next/static/chunks/node_modules_next_dist_f3530cac._.js:3127
[   79461ms] [ERROR] Failed to load resource: the server responded with a status of 403 () @ https://srhpdgqqiuzdrlqaitdk.supabase.co/rest/v1/channel_members?on_conflict=channel_id%2Cprofile_id:0
[   92534ms] [ERROR] Failed to load resource: the server responded with a status of 400 () @ https://srhpdgqqiuzdrlqaitdk.supabase.co/rest/v1/profiles?select=assigned_coach&id=eq.12e2e0fe-cc7e-4a71-b806-f98d2b58e27e:0
[   92639ms] [ERROR] Failed to load resource: the server responded with a status of 404 () @ https://srhpdgqqiuzdrlqaitdk.supabase.co/rest/v1/coach_assignments?select=coach_id&client_id=eq.12e2e0fe-cc7e-4a71-b806-f98d2b58e27e&status=eq.active&order=assigned_at.desc&limit=1:0
[   92815ms] [ERROR] Failed to load resource: the server responded with a status of 400 () @ https://srhpdgqqiuzdrlqaitdk.supabase.co/rest/v1/notifications?columns=%22profile_id%22%2C%22type%22%2C%22title%22%2C%22body%22%2C%22link%22:0
[   96922ms] [ERROR] Failed to load resource: the server responded with a status of 404 () @ https://srhpdgqqiuzdrlqaitdk.supabase.co/rest/v1/daily_activity?select=*&profile_id=eq.12e2e0fe-cc7e-4a71-b806-f98d2b58e27e&activity_date=gte.2026-02-14&order=activity_date.desc:0
[   97031ms] [ERROR] Failed to load resource: the server responded with a status of 404 () @ https://srhpdgqqiuzdrlqaitdk.supabase.co/rest/v1/upsell_triggers?select=*%2Crule%3Aupsell_rules%28*%29&client_id=eq.12e2e0fe-cc7e-4a71-b806-f98d2b58e27e&status=in.%28pending%2Cnotified%29&order=triggered_at.desc:0
[   97053ms] [ERROR] Failed to load resource: the server responded with a status of 404 () @ https://srhpdgqqiuzdrlqaitdk.supabase.co/rest/v1/rituals?select=*&profile_id=eq.12e2e0fe-cc7e-4a71-b806-f98d2b58e27e&order=created_at.asc:0
[   97073ms] [ERROR] Failed to load resource: the server responded with a status of 400 () @ https://srhpdgqqiuzdrlqaitdk.supabase.co/rest/v1/notifications?select=*&recipient_id=eq.12e2e0fe-cc7e-4a71-b806-f98d2b58e27e&is_archived=eq.false&order=created_at.desc&limit=100:0
[   97142ms] [ERROR] Failed to load resource: the server responded with a status of 400 () @ https://srhpdgqqiuzdrlqaitdk.supabase.co/rest/v1/streaks?select=*&profile_id=eq.12e2e0fe-cc7e-4a71-b806-f98d2b58e27e:0
[   98019ms] [ERROR] Failed to load resource: the server responded with a status of 404 () @ https://srhpdgqqiuzdrlqaitdk.supabase.co/rest/v1/daily_activity?select=*&profile_id=eq.12e2e0fe-cc7e-4a71-b806-f98d2b58e27e&activity_date=gte.2026-02-14&order=activity_date.desc:0
[   98106ms] [ERROR] Failed to load resource: the server responded with a status of 404 () @ https://srhpdgqqiuzdrlqaitdk.supabase.co/rest/v1/upsell_triggers?select=*%2Crule%3Aupsell_rules%28*%29&client_id=eq.12e2e0fe-cc7e-4a71-b806-f98d2b58e27e&status=in.%28pending%2Cnotified%29&order=triggered_at.desc:0
[   98120ms] [ERROR] Failed to load resource: the server responded with a status of 404 () @ https://srhpdgqqiuzdrlqaitdk.supabase.co/rest/v1/rituals?select=*&profile_id=eq.12e2e0fe-cc7e-4a71-b806-f98d2b58e27e&order=created_at.asc:0
[   98138ms] [ERROR] Failed to load resource: the server responded with a status of 400 () @ https://srhpdgqqiuzdrlqaitdk.supabase.co/rest/v1/notifications?select=*&recipient_id=eq.12e2e0fe-cc7e-4a71-b806-f98d2b58e27e&is_archived=eq.false&order=created_at.desc&limit=100:0
[   98224ms] [ERROR] Failed to load resource: the server responded with a status of 400 () @ https://srhpdgqqiuzdrlqaitdk.supabase.co/rest/v1/streaks?select=*&profile_id=eq.12e2e0fe-cc7e-4a71-b806-f98d2b58e27e:0
[  100093ms] [ERROR] Failed to load resource: the server responded with a status of 404 () @ https://srhpdgqqiuzdrlqaitdk.supabase.co/rest/v1/daily_activity?select=*&profile_id=eq.12e2e0fe-cc7e-4a71-b806-f98d2b58e27e&activity_date=gte.2026-02-14&order=activity_date.desc:0
[  100170ms] [ERROR] Failed to load resource: the server responded with a status of 404 () @ https://srhpdgqqiuzdrlqaitdk.supabase.co/rest/v1/upsell_triggers?select=*%2Crule%3Aupsell_rules%28*%29&client_id=eq.12e2e0fe-cc7e-4a71-b806-f98d2b58e27e&status=in.%28pending%2Cnotified%29&order=triggered_at.desc:0
[  100195ms] [ERROR] Failed to load resource: the server responded with a status of 404 () @ https://srhpdgqqiuzdrlqaitdk.supabase.co/rest/v1/rituals?select=*&profile_id=eq.12e2e0fe-cc7e-4a71-b806-f98d2b58e27e&order=created_at.asc:0
[  100208ms] [ERROR] Failed to load resource: the server responded with a status of 400 () @ https://srhpdgqqiuzdrlqaitdk.supabase.co/rest/v1/notifications?select=*&recipient_id=eq.12e2e0fe-cc7e-4a71-b806-f98d2b58e27e&is_archived=eq.false&order=created_at.desc&limit=100:0
[  100293ms] [ERROR] Failed to load resource: the server responded with a status of 400 () @ https://srhpdgqqiuzdrlqaitdk.supabase.co/rest/v1/streaks?select=*&profile_id=eq.12e2e0fe-cc7e-4a71-b806-f98d2b58e27e:0
[  104169ms] [ERROR] Failed to load resource: the server responded with a status of 404 () @ https://srhpdgqqiuzdrlqaitdk.supabase.co/rest/v1/daily_activity?select=*&profile_id=eq.12e2e0fe-cc7e-4a71-b806-f98d2b58e27e&activity_date=gte.2026-02-14&order=activity_date.desc:0
[  104246ms] [ERROR] Failed to load resource: the server responded with a status of 404 () @ https://srhpdgqqiuzdrlqaitdk.supabase.co/rest/v1/upsell_triggers?select=*%2Crule%3Aupsell_rules%28*%29&client_id=eq.12e2e0fe-cc7e-4a71-b806-f98d2b58e27e&status=in.%28pending%2Cnotified%29&order=triggered_at.desc:0
[  104273ms] [ERROR] Failed to load resource: the server responded with a status of 404 () @ https://srhpdgqqiuzdrlqaitdk.supabase.co/rest/v1/rituals?select=*&profile_id=eq.12e2e0fe-cc7e-4a71-b806-f98d2b58e27e&order=created_at.asc:0
[  104277ms] [ERROR] Failed to load resource: the server responded with a status of 400 () @ https://srhpdgqqiuzdrlqaitdk.supabase.co/rest/v1/notifications?select=*&recipient_id=eq.12e2e0fe-cc7e-4a71-b806-f98d2b58e27e&is_archived=eq.false&order=created_at.desc&limit=100:0
[  104368ms] [ERROR] Failed to load resource: the server responded with a status of 400 () @ https://srhpdgqqiuzdrlqaitdk.supabase.co/rest/v1/streaks?select=*&profile_id=eq.12e2e0fe-cc7e-4a71-b806-f98d2b58e27e:0
[  111112ms] [ERROR] Failed to load resource: the server responded with a status of 404 () @ https://srhpdgqqiuzdrlqaitdk.supabase.co/rest/v1/course_prerequisites?select=course_id%2Cprerequisite_course_id:0
[  112193ms] [ERROR] Failed to load resource: the server responded with a status of 404 () @ https://srhpdgqqiuzdrlqaitdk.supabase.co/rest/v1/course_prerequisites?select=course_id%2Cprerequisite_course_id:0
[  114267ms] [ERROR] Failed to load resource: the server responded with a status of 404 () @ https://srhpdgqqiuzdrlqaitdk.supabase.co/rest/v1/course_prerequisites?select=course_id%2Cprerequisite_course_id:0
[  117463ms] [ERROR] Failed to load resource: the server responded with a status of 400 () @ https://srhpdgqqiuzdrlqaitdk.supabase.co/rest/v1/messages?select=*%2Csender%3Aprofiles%21messages_sender_id_fkey%28id%2Cfull_name%2Cavatar_url%2Crole%29%2Creactions%3Amessage_reactions%28id%2Cemoji%2Cprofile_id%29%2Cattachments%3Amessage_attachments%28id%2Cfile_name%2Cfile_url%2Cfile_type%2Cfile_size%29%2Creply_message%3Amessages%21messages_reply_to_fkey%28id%2Ccontent%2Csender%3Aprofiles%21messages_sender_id_fkey%28id%2Cfull_name%29%29&channel_id=eq.3af01632-54cd-4983-bdad-8a9e97e19ea0&deleted_at=is.null&order=created_at.asc&limit=200:0
[  117463ms] [ERROR] Failed to load resource: the server responded with a status of 404 () @ https://srhpdgqqiuzdrlqaitdk.supabase.co/rest/v1/message_templates?select=*&order=usage_count.desc:0
[  117605ms] [ERROR] Failed to load resource: the server responded with a status of 400 () @ https://srhpdgqqiuzdrlqaitdk.supabase.co/rest/v1/messages?select=*&channel_id=eq.3af01632-54cd-4983-bdad-8a9e97e19ea0&is_urgent=eq.true&deleted_at=is.null&created_at=gt.2026-03-16T03%3A05%3A12.425595%2B00%3A00:0
[  118542ms] [ERROR] Failed to load resource: the server responded with a status of 400 () @ https://srhpdgqqiuzdrlqaitdk.supabase.co/rest/v1/messages?select=*%2Csender%3Aprofiles%21messages_sender_id_fkey%28id%2Cfull_name%2Cavatar_url%2Crole%29%2Creactions%3Amessage_reactions%28id%2Cemoji%2Cprofile_id%29%2Cattachments%3Amessage_attachments%28id%2Cfile_name%2Cfile_url%2Cfile_type%2Cfile_size%29%2Creply_message%3Amessages%21messages_reply_to_fkey%28id%2Ccontent%2Csender%3Aprofiles%21messages_sender_id_fkey%28id%2Cfull_name%29%29&channel_id=eq.3af01632-54cd-4983-bdad-8a9e97e19ea0&deleted_at=is.null&order=created_at.asc&limit=200:0
[  118545ms] [ERROR] Failed to load resource: the server responded with a status of 404 () @ https://srhpdgqqiuzdrlqaitdk.supabase.co/rest/v1/message_templates?select=*&order=usage_count.desc:0
[  120613ms] [ERROR] Failed to load resource: the server responded with a status of 400 () @ https://srhpdgqqiuzdrlqaitdk.supabase.co/rest/v1/messages?select=*%2Csender%3Aprofiles%21messages_sender_id_fkey%28id%2Cfull_name%2Cavatar_url%2Crole%29%2Creactions%3Amessage_reactions%28id%2Cemoji%2Cprofile_id%29%2Cattachments%3Amessage_attachments%28id%2Cfile_name%2Cfile_url%2Cfile_type%2Cfile_size%29%2Creply_message%3Amessages%21messages_reply_to_fkey%28id%2Ccontent%2Csender%3Aprofiles%21messages_sender_id_fkey%28id%2Cfull_name%29%29&channel_id=eq.3af01632-54cd-4983-bdad-8a9e97e19ea0&deleted_at=is.null&order=created_at.asc&limit=200:0
[  120615ms] [ERROR] Failed to load resource: the server responded with a status of 404 () @ https://srhpdgqqiuzdrlqaitdk.supabase.co/rest/v1/message_templates?select=*&order=usage_count.desc:0
[  124686ms] [ERROR] Failed to load resource: the server responded with a status of 400 () @ https://srhpdgqqiuzdrlqaitdk.supabase.co/rest/v1/messages?select=*%2Csender%3Aprofiles%21messages_sender_id_fkey%28id%2Cfull_name%2Cavatar_url%2Crole%29%2Creactions%3Amessage_reactions%28id%2Cemoji%2Cprofile_id%29%2Cattachments%3Amessage_attachments%28id%2Cfile_name%2Cfile_url%2Cfile_type%2Cfile_size%29%2Creply_message%3Amessages%21messages_reply_to_fkey%28id%2Ccontent%2Csender%3Aprofiles%21messages_sender_id_fkey%28id%2Cfull_name%29%29&channel_id=eq.3af01632-54cd-4983-bdad-8a9e97e19ea0&deleted_at=is.null&order=created_at.asc&limit=200:0
[  124696ms] [ERROR] Failed to load resource: the server responded with a status of 404 () @ https://srhpdgqqiuzdrlqaitdk.supabase.co/rest/v1/message_templates?select=*&order=usage_count.desc:0
[  177206ms] [ERROR] Failed to load resource: the server responded with a status of 404 () @ https://srhpdgqqiuzdrlqaitdk.supabase.co/rest/v1/push_subscriptions?select=*&user_id=eq.12e2e0fe-cc7e-4a71-b806-f98d2b58e27e:0
[  177206ms] [ERROR] Failed to load resource: the server responded with a status of 404 () @ https://srhpdgqqiuzdrlqaitdk.supabase.co/rest/v1/user_preferences?select=*&user_id=eq.12e2e0fe-cc7e-4a71-b806-f98d2b58e27e:0
[  178285ms] [ERROR] Failed to load resource: the server responded with a status of 404 () @ https://srhpdgqqiuzdrlqaitdk.supabase.co/rest/v1/user_preferences?select=*&user_id=eq.12e2e0fe-cc7e-4a71-b806-f98d2b58e27e:0
[  180361ms] [ERROR] Failed to load resource: the server responded with a status of 404 () @ https://srhpdgqqiuzdrlqaitdk.supabase.co/rest/v1/user_preferences?select=*&user_id=eq.12e2e0fe-cc7e-4a71-b806-f98d2b58e27e:0
[  184437ms] [ERROR] Failed to load resource: the server responded with a status of 404 () @ https://srhpdgqqiuzdrlqaitdk.supabase.co/rest/v1/user_preferences?select=*&user_id=eq.12e2e0fe-cc7e-4a71-b806-f98d2b58e27e:0
[  191390ms] [ERROR] Failed to load resource: the server responded with a status of 404 () @ https://srhpdgqqiuzdrlqaitdk.supabase.co/rest/v1/user_preferences?user_id=eq.12e2e0fe-cc7e-4a71-b806-f98d2b58e27e&select=*:0
