[13165812ms] [ERROR] In HTML, %s cannot be a descendant of <%s>.
This will cause a hydration error.%s <button> button 

  ...
    <RedirectBoundary>
      <RedirectErrorBoundary router={{...}}>
        <InnerLayoutRouter url="/client/me..." tree={[...]} params={{}} cacheNode={{rsc:<Fragment>, ...}} ...>
          <SegmentViewNode type="page" pagePath="client/mes...">
            <SegmentTrieNode>
            <ClientPageRoot Component={function MessagingPage} serverProvidedParams={{...}}>
              <MessagingPage params={Promise} searchParams={Promise}>
                <MessagingContainer>
                  <div className="flex h-[ca..." style={{...}}>
                    <div className={"\n      ..."}>
                      <ChannelSidebar publicChannels={[...]} dmChannels={[...]} activeChannelId={null} ...>
                        <div className="flex flex-...">
                          <div>
                          <div className="flex-1 ove...">
                            <div className="mb-1">
>                             <button
>                               onClick={function onClick}
>                               className="w-full flex items-center justify-between px-4 py-1.5 text-xs font-semibold ..."
>                             >
                                <div>
>                               <button
>                                 onClick={function onClick}
>                                 className="w-5 h-5 rounded flex items-center justify-center hover:bg-muted transitio..."
>                               >
                              ...
                            ...
                    ...
          ...
        ...
 @ http://localhost:3001/_next/static/chunks/node_modules_next_dist_f3530cac._.js:3127
