[   29272ms] [ERROR] Failed to load resource: the server responded with a status of 400 () @ https://srhpdgqqiuzdrlqaitdk.supabase.co/auth/v1/token?grant_type=password:0
[   88894ms] [ERROR] Failed to load resource: the server responded with a status of 404 () @ https://srhpdgqqiuzdrlqaitdk.supabase.co/rest/v1/contacts?select=pipeline_stage:0
[   88954ms] [ERROR] Failed to load resource: the server responded with a status of 404 () @ https://srhpdgqqiuzdrlqaitdk.supabase.co/rest/v1/lesson_completions?select=id&created_at=gte.2026-01-31T00%3A00%3A00.000Z&created_at=lte.2026-02-27T22%3A59%3A59.000Z:0
[   88965ms] [ERROR] Failed to load resource: the server responded with a status of 404 () @ https://srhpdgqqiuzdrlqaitdk.supabase.co/rest/v1/lesson_completions?select=id:0
[   88990ms] [ERROR] Failed to load resource: the server responded with a status of 404 () @ https://srhpdgqqiuzdrlqaitdk.supabase.co/rest/v1/lesson_completions?select=id&created_at=gte.2026-02-28T00%3A00%3A00.000Z&created_at=lte.2026-03-16T22%3A59%3A59.000Z:0
[   89003ms] [WARNING] The width(-1) and height(-1) of chart should be greater than 0,
       please check the style of container, or the props width(100%) and height(100%),
       or add a minWidth(0) or minHeight(undefined) or use aspect(undefined) to control the
       height and width. @ https://off-market-amber.vercel.app/_next/static/chunks/17c9625d5d2d5344.js:0
[   89004ms] [WARNING] The width(-1) and height(-1) of chart should be greater than 0,
       please check the style of container, or the props width(100%) and height(100%),
       or add a minWidth(0) or minHeight(undefined) or use aspect(undefined) to control the
       height and width. @ https://off-market-amber.vercel.app/_next/static/chunks/17c9625d5d2d5344.js:0
[   89963ms] [ERROR] Failed to load resource: the server responded with a status of 404 () @ https://srhpdgqqiuzdrlqaitdk.supabase.co/rest/v1/contacts?select=pipeline_stage:0
[   92080ms] [ERROR] Failed to load resource: the server responded with a status of 404 () @ https://srhpdgqqiuzdrlqaitdk.supabase.co/rest/v1/contacts?select=pipeline_stage:0
[   96181ms] [ERROR] Failed to load resource: the server responded with a status of 404 () @ https://srhpdgqqiuzdrlqaitdk.supabase.co/rest/v1/contacts?select=pipeline_stage:0
[  147604ms] [ERROR] Failed to load resource: the server responded with a status of 400 () @ https://srhpdgqqiuzdrlqaitdk.supabase.co/rest/v1/saved_segments?select=*%2Ccreator%3Aprofiles%21saved_segments_created_by_fkey%28full_name%2Cavatar_url%29&order=created_at.desc:0
[  157289ms] [ERROR] Failed to load resource: the server responded with a status of 400 () @ https://srhpdgqqiuzdrlqaitdk.supabase.co/rest/v1/message_templates?select=*&order=usage_count.desc:0
[  157297ms] [ERROR] Failed to load resource: the server responded with a status of 400 () @ https://srhpdgqqiuzdrlqaitdk.supabase.co/rest/v1/messages?select=*%2Csender%3Aprofiles%21messages_sender_id_fkey%28id%2Cfull_name%2Cavatar_url%2Crole%29%2Creactions%3Amessage_reactions%28id%2Cemoji%2Cprofile_id%29%2Cattachments%3Amessage_attachments%28id%2Cfile_name%2Cfile_url%2Cfile_type%2Cfile_size%29%2Creply_message%3Amessages%21messages_reply_to_fkey%28id%2Ccontent%2Csender%3Aprofiles%21messages_sender_id_fkey%28id%2Cfull_name%29%29&channel_id=eq.d9eba521-082d-4186-a91c-dd981f910e1d&deleted_at=is.null&order=created_at.asc&limit=200:0
[  157458ms] [ERROR] Failed to load resource: the server responded with a status of 400 () @ https://srhpdgqqiuzdrlqaitdk.supabase.co/rest/v1/messages?select=*&channel_id=eq.d9eba521-082d-4186-a91c-dd981f910e1d&is_urgent=eq.true&deleted_at=is.null&created_at=gt.2026-03-13T10%3A59%3A39.847%2B00%3A00:0
[  157652ms] [ERROR] Failed to load resource: the server responded with a status of 400 () @ https://srhpdgqqiuzdrlqaitdk.supabase.co/rest/v1/messages?select=*&channel_id=eq.174b2ee1-3e32-4848-829e-fa6a239b73f4&is_urgent=eq.true&deleted_at=is.null&created_at=gt.2026-03-11T23%3A53%3A20.008%2B00%3A00:0
[  157829ms] [ERROR] Failed to load resource: the server responded with a status of 400 () @ https://srhpdgqqiuzdrlqaitdk.supabase.co/rest/v1/messages?select=*&channel_id=eq.8aaebc8e-7a22-46a7-90e7-0c03e625023a&is_urgent=eq.true&deleted_at=is.null&created_at=gt.2026-03-11T23%3A53%3A00.368%2B00%3A00:0
[  158070ms] [ERROR] Failed to load resource: the server responded with a status of 400 () @ https://srhpdgqqiuzdrlqaitdk.supabase.co/rest/v1/messages?select=*&channel_id=eq.584ca71b-c78d-45c3-8e59-724079ecf7e7&is_urgent=eq.true&deleted_at=is.null&created_at=gt.2026-03-12T01%3A01%3A47.423%2B00%3A00:0
[  158261ms] [ERROR] Failed to load resource: the server responded with a status of 400 () @ https://srhpdgqqiuzdrlqaitdk.supabase.co/rest/v1/messages?select=*&channel_id=eq.ec52ed4b-1d0e-4722-90a1-dce193c4f1e8&is_urgent=eq.true&deleted_at=is.null&created_at=gt.2026-03-11T23%3A52%3A59.413%2B00%3A00:0
[  158361ms] [ERROR] Failed to load resource: the server responded with a status of 400 () @ https://srhpdgqqiuzdrlqaitdk.supabase.co/rest/v1/message_templates?select=*&order=usage_count.desc:0
[  158371ms] [ERROR] Failed to load resource: the server responded with a status of 400 () @ https://srhpdgqqiuzdrlqaitdk.supabase.co/rest/v1/messages?select=*%2Csender%3Aprofiles%21messages_sender_id_fkey%28id%2Cfull_name%2Cavatar_url%2Crole%29%2Creactions%3Amessage_reactions%28id%2Cemoji%2Cprofile_id%29%2Cattachments%3Amessage_attachments%28id%2Cfile_name%2Cfile_url%2Cfile_type%2Cfile_size%29%2Creply_message%3Amessages%21messages_reply_to_fkey%28id%2Ccontent%2Csender%3Aprofiles%21messages_sender_id_fkey%28id%2Cfull_name%29%29&channel_id=eq.d9eba521-082d-4186-a91c-dd981f910e1d&deleted_at=is.null&order=created_at.asc&limit=200:0
[  158499ms] [ERROR] Failed to load resource: the server responded with a status of 400 () @ https://srhpdgqqiuzdrlqaitdk.supabase.co/rest/v1/messages?select=*&channel_id=eq.21aac62c-70bd-4834-9f70-b31be48a90a9&is_urgent=eq.true&deleted_at=is.null&created_at=gt.2026-03-11T23%3A53%3A01.613%2B00%3A00:0
[  158688ms] [ERROR] Failed to load resource: the server responded with a status of 400 () @ https://srhpdgqqiuzdrlqaitdk.supabase.co/rest/v1/messages?select=*&channel_id=eq.faf2ee2c-0d40-4d5d-985c-c250d6ae9b5d&is_urgent=eq.true&deleted_at=is.null&created_at=gt.2026-03-12T01%3A01%3A35.767372%2B00%3A00:0
[  158885ms] [ERROR] Failed to load resource: the server responded with a status of 400 () @ https://srhpdgqqiuzdrlqaitdk.supabase.co/rest/v1/messages?select=*&channel_id=eq.2ba01dde-77ec-4aba-ba96-468dc3d19d3a&is_urgent=eq.true&deleted_at=is.null&created_at=gt.2026-03-11T23%3A52%3A57.732%2B00%3A00:0
[  160435ms] [ERROR] Failed to load resource: the server responded with a status of 400 () @ https://srhpdgqqiuzdrlqaitdk.supabase.co/rest/v1/message_templates?select=*&order=usage_count.desc:0
[  160450ms] [ERROR] Failed to load resource: the server responded with a status of 400 () @ https://srhpdgqqiuzdrlqaitdk.supabase.co/rest/v1/messages?select=*%2Csender%3Aprofiles%21messages_sender_id_fkey%28id%2Cfull_name%2Cavatar_url%2Crole%29%2Creactions%3Amessage_reactions%28id%2Cemoji%2Cprofile_id%29%2Cattachments%3Amessage_attachments%28id%2Cfile_name%2Cfile_url%2Cfile_type%2Cfile_size%29%2Creply_message%3Amessages%21messages_reply_to_fkey%28id%2Ccontent%2Csender%3Aprofiles%21messages_sender_id_fkey%28id%2Cfull_name%29%29&channel_id=eq.d9eba521-082d-4186-a91c-dd981f910e1d&deleted_at=is.null&order=created_at.asc&limit=200:0
[  164630ms] [ERROR] Failed to load resource: the server responded with a status of 400 () @ https://srhpdgqqiuzdrlqaitdk.supabase.co/rest/v1/message_templates?select=*&order=usage_count.desc:0
[  164631ms] [ERROR] Failed to load resource: the server responded with a status of 400 () @ https://srhpdgqqiuzdrlqaitdk.supabase.co/rest/v1/messages?select=*%2Csender%3Aprofiles%21messages_sender_id_fkey%28id%2Cfull_name%2Cavatar_url%2Crole%29%2Creactions%3Amessage_reactions%28id%2Cemoji%2Cprofile_id%29%2Cattachments%3Amessage_attachments%28id%2Cfile_name%2Cfile_url%2Cfile_type%2Cfile_size%29%2Creply_message%3Amessages%21messages_reply_to_fkey%28id%2Ccontent%2Csender%3Aprofiles%21messages_sender_id_fkey%28id%2Cfull_name%29%29&channel_id=eq.d9eba521-082d-4186-a91c-dd981f910e1d&deleted_at=is.null&order=created_at.asc&limit=200:0
[  174326ms] [ERROR] Failed to load resource: the server responded with a status of 400 () @ https://srhpdgqqiuzdrlqaitdk.supabase.co/rest/v1/commissions?select=*%2Ccontractor%3Aprofiles%21commissions_contractor_id_fkey%28id%2Cfull_name%2Cemail%29&order=created_at.desc:0
[  174332ms] [ERROR] Failed to load resource: the server responded with a status of 400 () @ https://srhpdgqqiuzdrlqaitdk.supabase.co/rest/v1/profiles?select=*%2Cstudent_details%28*%2Cassigned_coach_profile%3Aprofiles%21student_details_assigned_coach_fkey%28full_name%29%29&role=eq.client&order=created_at.desc&limit=50:0
[  174348ms] [ERROR] Failed to load resource: the server responded with a status of 404 () @ https://srhpdgqqiuzdrlqaitdk.supabase.co/rest/v1/currency_rates?select=*&order=base.asc:0
[  175393ms] [ERROR] Failed to load resource: the server responded with a status of 400 () @ https://srhpdgqqiuzdrlqaitdk.supabase.co/rest/v1/commissions?select=*%2Ccontractor%3Aprofiles%21commissions_contractor_id_fkey%28id%2Cfull_name%2Cemail%29&order=created_at.desc:0
[  175407ms] [ERROR] Failed to load resource: the server responded with a status of 400 () @ https://srhpdgqqiuzdrlqaitdk.supabase.co/rest/v1/profiles?select=*%2Cstudent_details%28*%2Cassigned_coach_profile%3Aprofiles%21student_details_assigned_coach_fkey%28full_name%29%29&role=eq.client&order=created_at.desc&limit=50:0
[  175416ms] [ERROR] Failed to load resource: the server responded with a status of 404 () @ https://srhpdgqqiuzdrlqaitdk.supabase.co/rest/v1/currency_rates?select=*&order=base.asc:0
[  177477ms] [ERROR] Failed to load resource: the server responded with a status of 400 () @ https://srhpdgqqiuzdrlqaitdk.supabase.co/rest/v1/commissions?select=*%2Ccontractor%3Aprofiles%21commissions_contractor_id_fkey%28id%2Cfull_name%2Cemail%29&order=created_at.desc:0
[  177484ms] [ERROR] Failed to load resource: the server responded with a status of 400 () @ https://srhpdgqqiuzdrlqaitdk.supabase.co/rest/v1/profiles?select=*%2Cstudent_details%28*%2Cassigned_coach_profile%3Aprofiles%21student_details_assigned_coach_fkey%28full_name%29%29&role=eq.client&order=created_at.desc&limit=50:0
[  177487ms] [ERROR] Failed to load resource: the server responded with a status of 404 () @ https://srhpdgqqiuzdrlqaitdk.supabase.co/rest/v1/currency_rates?select=*&order=base.asc:0
[  181633ms] [ERROR] Failed to load resource: the server responded with a status of 400 () @ https://srhpdgqqiuzdrlqaitdk.supabase.co/rest/v1/commissions?select=*%2Ccontractor%3Aprofiles%21commissions_contractor_id_fkey%28id%2Cfull_name%2Cemail%29&order=created_at.desc:0
[  181641ms] [ERROR] Failed to load resource: the server responded with a status of 404 () @ https://srhpdgqqiuzdrlqaitdk.supabase.co/rest/v1/currency_rates?select=*&order=base.asc:0
[  181644ms] [ERROR] Failed to load resource: the server responded with a status of 400 () @ https://srhpdgqqiuzdrlqaitdk.supabase.co/rest/v1/profiles?select=*%2Cstudent_details%28*%2Cassigned_coach_profile%3Aprofiles%21student_details_assigned_coach_fkey%28full_name%29%29&role=eq.client&order=created_at.desc&limit=50:0
[  255793ms] [ERROR] Failed to load resource: the server responded with a status of 400 () @ https://srhpdgqqiuzdrlqaitdk.supabase.co/rest/v1/course_prerequisites?select=course_id%2Cprerequisite_course_id:0
[  256854ms] [ERROR] Failed to load resource: the server responded with a status of 400 () @ https://srhpdgqqiuzdrlqaitdk.supabase.co/rest/v1/course_prerequisites?select=course_id%2Cprerequisite_course_id:0
[  258932ms] [ERROR] Failed to load resource: the server responded with a status of 400 () @ https://srhpdgqqiuzdrlqaitdk.supabase.co/rest/v1/course_prerequisites?select=course_id%2Cprerequisite_course_id:0
[  263104ms] [ERROR] Failed to load resource: the server responded with a status of 400 () @ https://srhpdgqqiuzdrlqaitdk.supabase.co/rest/v1/course_prerequisites?select=course_id%2Cprerequisite_course_id:0
