[   14535ms] [ERROR] Failed to load resource: the server responded with a status of 404 () @ https://srhpdgqqiuzdrlqaitdk.supabase.co/rest/v1/contacts?select=pipeline_stage:0
[   14544ms] [ERROR] Failed to load resource: the server responded with a status of 404 () @ https://srhpdgqqiuzdrlqaitdk.supabase.co/rest/v1/kpi_goals?select=*&order=created_at.desc&is_archived=eq.false:0
[   14634ms] [ERROR] Failed to load resource: the server responded with a status of 400 () @ https://srhpdgqqiuzdrlqaitdk.supabase.co/rest/v1/notifications?select=*&recipient_id=eq.13df0cc6-9344-40f6-918d-2e36fe28d9ed&is_archived=eq.false&order=created_at.desc&limit=100:0
[   14746ms] [WARNING] The width(-1) and height(-1) of chart should be greater than 0,
       please check the style of container, or the props width(100%) and height(100%),
       or add a minWidth(0) or minHeight(undefined) or use aspect(undefined) to control the
       height and width. @ http://localhost:3000/_next/static/chunks/node_modules_next_dist_f3530cac._.js:2297
[   14746ms] [WARNING] The width(-1) and height(-1) of chart should be greater than 0,
       please check the style of container, or the props width(100%) and height(100%),
       or add a minWidth(0) or minHeight(undefined) or use aspect(undefined) to control the
       height and width. @ http://localhost:3000/_next/static/chunks/node_modules_next_dist_f3530cac._.js:2297
[   15681ms] [ERROR] Failed to load resource: the server responded with a status of 404 () @ https://srhpdgqqiuzdrlqaitdk.supabase.co/rest/v1/contacts?select=pipeline_stage:0
[   15681ms] [ERROR] Failed to load resource: the server responded with a status of 404 () @ https://srhpdgqqiuzdrlqaitdk.supabase.co/rest/v1/kpi_goals?select=*&order=created_at.desc&is_archived=eq.false:0
[   15749ms] [ERROR] Failed to load resource: the server responded with a status of 400 () @ https://srhpdgqqiuzdrlqaitdk.supabase.co/rest/v1/notifications?select=*&recipient_id=eq.13df0cc6-9344-40f6-918d-2e36fe28d9ed&is_archived=eq.false&order=created_at.desc&limit=100:0
[   17783ms] [ERROR] Failed to load resource: the server responded with a status of 404 () @ https://srhpdgqqiuzdrlqaitdk.supabase.co/rest/v1/contacts?select=pipeline_stage:0
[   17784ms] [ERROR] Failed to load resource: the server responded with a status of 404 () @ https://srhpdgqqiuzdrlqaitdk.supabase.co/rest/v1/kpi_goals?select=*&order=created_at.desc&is_archived=eq.false:0
[   17880ms] [ERROR] Failed to load resource: the server responded with a status of 400 () @ https://srhpdgqqiuzdrlqaitdk.supabase.co/rest/v1/notifications?select=*&recipient_id=eq.13df0cc6-9344-40f6-918d-2e36fe28d9ed&is_archived=eq.false&order=created_at.desc&limit=100:0
[  301100ms] [ERROR] Failed to load resource: the server responded with a status of 404 () @ https://srhpdgqqiuzdrlqaitdk.supabase.co/rest/v1/kpi_goals?select=*&order=created_at.desc&is_archived=eq.false:0
[  301156ms] [ERROR] Failed to load resource: the server responded with a status of 404 () @ https://srhpdgqqiuzdrlqaitdk.supabase.co/rest/v1/contacts?select=pipeline_stage:0
[  301202ms] [ERROR] Failed to load resource: the server responded with a status of 400 () @ https://srhpdgqqiuzdrlqaitdk.supabase.co/rest/v1/notifications?select=*&recipient_id=eq.13df0cc6-9344-40f6-918d-2e36fe28d9ed&is_archived=eq.false&order=created_at.desc&limit=100:0
[  301223ms] [WARNING] The width(-1) and height(-1) of chart should be greater than 0,
       please check the style of container, or the props width(100%) and height(100%),
       or add a minWidth(0) or minHeight(undefined) or use aspect(undefined) to control the
       height and width. @ http://localhost:3000/_next/static/chunks/node_modules_next_dist_f3530cac._.js:2297
[  301223ms] [WARNING] The width(-1) and height(-1) of chart should be greater than 0,
       please check the style of container, or the props width(100%) and height(100%),
       or add a minWidth(0) or minHeight(undefined) or use aspect(undefined) to control the
       height and width. @ http://localhost:3000/_next/static/chunks/node_modules_next_dist_f3530cac._.js:2297
[  302188ms] [ERROR] Failed to load resource: the server responded with a status of 404 () @ https://srhpdgqqiuzdrlqaitdk.supabase.co/rest/v1/kpi_goals?select=*&order=created_at.desc&is_archived=eq.false:0
[  302267ms] [ERROR] Failed to load resource: the server responded with a status of 404 () @ https://srhpdgqqiuzdrlqaitdk.supabase.co/rest/v1/contacts?select=pipeline_stage:0
[  302277ms] [ERROR] Failed to load resource: the server responded with a status of 400 () @ https://srhpdgqqiuzdrlqaitdk.supabase.co/rest/v1/notifications?select=*&recipient_id=eq.13df0cc6-9344-40f6-918d-2e36fe28d9ed&is_archived=eq.false&order=created_at.desc&limit=100:0
[  304351ms] [ERROR] Failed to load resource: the server responded with a status of 400 () @ https://srhpdgqqiuzdrlqaitdk.supabase.co/rest/v1/notifications?select=*&recipient_id=eq.13df0cc6-9344-40f6-918d-2e36fe28d9ed&is_archived=eq.false&order=created_at.desc&limit=100:0
[  308418ms] [ERROR] Failed to load resource: the server responded with a status of 400 () @ https://srhpdgqqiuzdrlqaitdk.supabase.co/rest/v1/notifications?select=*&recipient_id=eq.13df0cc6-9344-40f6-918d-2e36fe28d9ed&is_archived=eq.false&order=created_at.desc&limit=100:0
[  309823ms] [WARNING] The width(-1) and height(-1) of chart should be greater than 0,
       please check the style of container, or the props width(100%) and height(100%),
       or add a minWidth(0) or minHeight(undefined) or use aspect(undefined) to control the
       height and width. @ http://localhost:3000/_next/static/chunks/node_modules_next_dist_f3530cac._.js:2297
[  309823ms] [WARNING] The width(-1) and height(-1) of chart should be greater than 0,
       please check the style of container, or the props width(100%) and height(100%),
       or add a minWidth(0) or minHeight(undefined) or use aspect(undefined) to control the
       height and width. @ http://localhost:3000/_next/static/chunks/node_modules_next_dist_f3530cac._.js:2297
[  309943ms] [ERROR] Failed to load resource: the server responded with a status of 404 () @ https://srhpdgqqiuzdrlqaitdk.supabase.co/rest/v1/contacts?select=pipeline_stage:0
[  309967ms] [ERROR] Failed to load resource: the server responded with a status of 404 () @ https://srhpdgqqiuzdrlqaitdk.supabase.co/rest/v1/kpi_goals?select=*&order=created_at.desc&is_archived=eq.false:0
[  402685ms] [WARNING] The width(-1) and height(-1) of chart should be greater than 0,
       please check the style of container, or the props width(100%) and height(100%),
       or add a minWidth(0) or minHeight(undefined) or use aspect(undefined) to control the
       height and width. @ http://localhost:3000/_next/static/chunks/node_modules_next_dist_f3530cac._.js:2297
[  402686ms] [WARNING] The width(-1) and height(-1) of chart should be greater than 0,
       please check the style of container, or the props width(100%) and height(100%),
       or add a minWidth(0) or minHeight(undefined) or use aspect(undefined) to control the
       height and width. @ http://localhost:3000/_next/static/chunks/node_modules_next_dist_f3530cac._.js:2297
[  402950ms] [ERROR] Failed to load resource: the server responded with a status of 404 () @ https://srhpdgqqiuzdrlqaitdk.supabase.co/rest/v1/kpi_goals?select=*&order=created_at.desc&is_archived=eq.false:0
[  402950ms] [ERROR] Failed to load resource: the server responded with a status of 404 () @ https://srhpdgqqiuzdrlqaitdk.supabase.co/rest/v1/contacts?select=pipeline_stage:0
[  404055ms] [ERROR] Failed to load resource: the server responded with a status of 404 () @ https://srhpdgqqiuzdrlqaitdk.supabase.co/rest/v1/contacts?select=pipeline_stage:0
[  404065ms] [ERROR] Failed to load resource: the server responded with a status of 404 () @ https://srhpdgqqiuzdrlqaitdk.supabase.co/rest/v1/kpi_goals?select=*&order=created_at.desc&is_archived=eq.false:0
[  418676ms] [ERROR] Failed to load resource: the server responded with a status of 404 () @ https://srhpdgqqiuzdrlqaitdk.supabase.co/rest/v1/crm_contacts?select=*%2Cassigned_profile%3Aprofiles%21crm_contacts_assigned_to_fkey%28id%2Cfull_name%29&order=sort_order.asc%2Cupdated_at.desc:0
[  419784ms] [ERROR] Failed to load resource: the server responded with a status of 404 () @ https://srhpdgqqiuzdrlqaitdk.supabase.co/rest/v1/crm_contacts?select=*%2Cassigned_profile%3Aprofiles%21crm_contacts_assigned_to_fkey%28id%2Cfull_name%29&order=sort_order.asc%2Cupdated_at.desc:0
[  421905ms] [ERROR] Failed to load resource: the server responded with a status of 404 () @ https://srhpdgqqiuzdrlqaitdk.supabase.co/rest/v1/crm_contacts?select=*%2Cassigned_profile%3Aprofiles%21crm_contacts_assigned_to_fkey%28id%2Cfull_name%29&order=sort_order.asc%2Cupdated_at.desc:0
[  426014ms] [ERROR] Failed to load resource: the server responded with a status of 404 () @ https://srhpdgqqiuzdrlqaitdk.supabase.co/rest/v1/crm_contacts?select=*%2Cassigned_profile%3Aprofiles%21crm_contacts_assigned_to_fkey%28id%2Cfull_name%29&order=sort_order.asc%2Cupdated_at.desc:0
