[   22473ms] [WARNING] GoTrueClient@sb-srhpdgqqiuzdrlqaitdk-auth-token:1 (2.97.0) 2026-03-12T01:12:55.883Z Multiple GoTrueClient instances detected in the same browser context. It is not an error, but this should be avoided as it may produce undefined behavior when used concurrently under the same storage key. @ http://localhost:3000/_next/static/chunks/node_modules_next_dist_f3530cac._.js:2297
[   22519ms] TypeError: this.lock is not a function
    at SupabaseAuthClient._acquireLock (http://localhost:3000/_next/static/chunks/node_modules_d7a45d6d._.js:17589:31)
    at http://localhost:3000/_next/static/chunks/node_modules_d7a45d6d._.js:16534:31
    at SupabaseAuthClient.initialize (http://localhost:3000/_next/static/chunks/node_modules_d7a45d6d._.js:16537:11)
    at new GoTrueClient (http://localhost:3000/_next/static/chunks/node_modules_d7a45d6d._.js:16496:18)
    at new SupabaseAuthClient (http://localhost:3000/_next/static/chunks/node_modules_d7a45d6d._.js:19801:9)
    at SupabaseClient._initSupabaseAuthClient (http://localhost:3000/_next/static/chunks/node_modules_d7a45d6d._.js:19974:16)
    at new SupabaseClient (http://localhost:3000/_next/static/chunks/node_modules_d7a45d6d._.js:19855:30)
    at createClient (http://localhost:3000/_next/static/chunks/node_modules_d7a45d6d._.js:20027:12)
    at createClient (http://localhost:3000/_next/static/chunks/src_53dfba0f._.js?id=%255Bproject%255D%252Fsrc%252Flib%252Fsupabase%252Fclient.ts+%255Bapp-client%255D+%2528ecmascript%2529:36:212)
    at useSupabase.useMemo[supabase] (http://localhost:3000/_next/static/chunks/src_53dfba0f._.js:68:198)
    at updateMemo (http://localhost:3000/_next/static/chunks/node_modules_next_dist_compiled_react-dom_1e674e59._.js:5444:21)
    at Object.useMemo (http://localhost:3000/_next/static/chunks/node_modules_next_dist_compiled_react-dom_1e674e59._.js:15255:24)
    at exports.useMemo (http://localhost:3000/_next/static/chunks/node_modules_next_dist_compiled_a0e4c7b4._.js:1742:36)
    at useSupabase (http://localhost:3000/_next/static/chunks/src_53dfba0f._.js:67:195)
    at AuthProvider (http://localhost:3000/_next/static/chunks/src_53dfba0f._.js:100:172)
    at Object.react_stack_bottom_frame (http://localhost:3000/_next/static/chunks/node_modules_next_dist_compiled_react-dom_1e674e59._.js:14826:24)
    at renderWithHooks (http://localhost:3000/_next/static/chunks/node_modules_next_dist_compiled_react-dom_1e674e59._.js:4651:24)
    at updateFunctionComponent (http://localhost:3000/_next/static/chunks/node_modules_next_dist_compiled_react-dom_1e674e59._.js:6112:21)
    at beginWork (http://localhost:3000/_next/static/chunks/node_modules_next_dist_compiled_react-dom_1e674e59._.js:6708:24)
    at runWithFiberInDEV (http://localhost:3000/_next/static/chunks/node_modules_next_dist_compiled_react-dom_1e674e59._.js:965:74)
    at performUnitOfWork (http://localhost:3000/_next/static/chunks/node_modules_next_dist_compiled_react-dom_1e674e59._.js:9562:97)
    at workLoopSync (http://localhost:3000/_next/static/chunks/node_modules_next_dist_compiled_react-dom_1e674e59._.js:9456:40)
    at renderRootSync (http://localhost:3000/_next/static/chunks/node_modules_next_dist_compiled_react-dom_1e674e59._.js:9440:13)
    at performWorkOnRoot (http://localhost:3000/_next/static/chunks/node_modules_next_dist_compiled_react-dom_1e674e59._.js:9068:186)
    at performSyncWorkOnRoot (http://localhost:3000/_next/static/chunks/node_modules_next_dist_compiled_react-dom_1e674e59._.js:10238:9)
    at flushSyncWorkAcrossRoots_impl (http://localhost:3000/_next/static/chunks/node_modules_next_dist_compiled_react-dom_1e674e59._.js:10154:316)
    at flushSyncWork$1 (http://localhost:3000/_next/static/chunks/node_modules_next_dist_compiled_react-dom_1e674e59._.js:9237:86)
    at Object.scheduleRefresh (http://localhost:3000/_next/static/chunks/node_modules_next_dist_compiled_react-dom_1e674e59._.js:299:13)
    at http://localhost:3000/_next/static/chunks/node_modules_next_dist_compiled_a0e4c7b4._.js:391:33
    at Set.forEach (<anonymous>)
    at Object.performReactRefresh (http://localhost:3000/_next/static/chunks/node_modules_next_dist_compiled_a0e4c7b4._.js:384:38)
    at applyUpdate (http://localhost:3000/_next/static/chunks/node_modules_next_dist_compiled_a0e4c7b4._.js:878:31)
    at http://localhost:3000/_next/static/chunks/node_modules_next_dist_compiled_a0e4c7b4._.js:886:13
[   22522ms] TypeError: this.lock is not a function
    at SupabaseAuthClient._acquireLock (http://localhost:3000/_next/static/chunks/node_modules_d7a45d6d._.js:17589:31)
    at http://localhost:3000/_next/static/chunks/node_modules_d7a45d6d._.js:16534:31
    at SupabaseAuthClient.initialize (http://localhost:3000/_next/static/chunks/node_modules_d7a45d6d._.js:16537:11)
    at new GoTrueClient (http://localhost:3000/_next/static/chunks/node_modules_d7a45d6d._.js:16496:18)
    at new SupabaseAuthClient (http://localhost:3000/_next/static/chunks/node_modules_d7a45d6d._.js:19801:9)
    at SupabaseClient._initSupabaseAuthClient (http://localhost:3000/_next/static/chunks/node_modules_d7a45d6d._.js:19974:16)
    at new SupabaseClient (http://localhost:3000/_next/static/chunks/node_modules_d7a45d6d._.js:19855:30)
    at createClient (http://localhost:3000/_next/static/chunks/node_modules_d7a45d6d._.js:20027:12)
    at createClient (http://localhost:3000/_next/static/chunks/src_53dfba0f._.js?id=%255Bproject%255D%252Fsrc%252Flib%252Fsupabase%252Fclient.ts+%255Bapp-client%255D+%2528ecmascript%2529:36:212)
    at useSupabase.useMemo[supabase] (http://localhost:3000/_next/static/chunks/src_53dfba0f._.js:68:198)
    at updateMemo (http://localhost:3000/_next/static/chunks/node_modules_next_dist_compiled_react-dom_1e674e59._.js:5444:21)
    at Object.useMemo (http://localhost:3000/_next/static/chunks/node_modules_next_dist_compiled_react-dom_1e674e59._.js:15255:24)
    at exports.useMemo (http://localhost:3000/_next/static/chunks/node_modules_next_dist_compiled_a0e4c7b4._.js:1742:36)
    at useSupabase (http://localhost:3000/_next/static/chunks/src_53dfba0f._.js:67:195)
    at AuthProvider (http://localhost:3000/_next/static/chunks/src_53dfba0f._.js:100:172)
    at Object.react_stack_bottom_frame (http://localhost:3000/_next/static/chunks/node_modules_next_dist_compiled_react-dom_1e674e59._.js:14826:24)
    at renderWithHooks (http://localhost:3000/_next/static/chunks/node_modules_next_dist_compiled_react-dom_1e674e59._.js:4651:24)
    at updateFunctionComponent (http://localhost:3000/_next/static/chunks/node_modules_next_dist_compiled_react-dom_1e674e59._.js:6112:21)
    at beginWork (http://localhost:3000/_next/static/chunks/node_modules_next_dist_compiled_react-dom_1e674e59._.js:6708:24)
    at runWithFiberInDEV (http://localhost:3000/_next/static/chunks/node_modules_next_dist_compiled_react-dom_1e674e59._.js:965:74)
    at performUnitOfWork (http://localhost:3000/_next/static/chunks/node_modules_next_dist_compiled_react-dom_1e674e59._.js:9562:97)
    at workLoopSync (http://localhost:3000/_next/static/chunks/node_modules_next_dist_compiled_react-dom_1e674e59._.js:9456:40)
    at renderRootSync (http://localhost:3000/_next/static/chunks/node_modules_next_dist_compiled_react-dom_1e674e59._.js:9440:13)
    at performWorkOnRoot (http://localhost:3000/_next/static/chunks/node_modules_next_dist_compiled_react-dom_1e674e59._.js:9068:186)
    at performSyncWorkOnRoot (http://localhost:3000/_next/static/chunks/node_modules_next_dist_compiled_react-dom_1e674e59._.js:10238:9)
    at flushSyncWorkAcrossRoots_impl (http://localhost:3000/_next/static/chunks/node_modules_next_dist_compiled_react-dom_1e674e59._.js:10154:316)
    at flushSyncWork$1 (http://localhost:3000/_next/static/chunks/node_modules_next_dist_compiled_react-dom_1e674e59._.js:9237:86)
    at Object.scheduleRefresh (http://localhost:3000/_next/static/chunks/node_modules_next_dist_compiled_react-dom_1e674e59._.js:299:13)
    at http://localhost:3000/_next/static/chunks/node_modules_next_dist_compiled_a0e4c7b4._.js:391:33
    at Set.forEach (<anonymous>)
    at Object.performReactRefresh (http://localhost:3000/_next/static/chunks/node_modules_next_dist_compiled_a0e4c7b4._.js:384:38)
    at applyUpdate (http://localhost:3000/_next/static/chunks/node_modules_next_dist_compiled_a0e4c7b4._.js:878:31)
    at http://localhost:3000/_next/static/chunks/node_modules_next_dist_compiled_a0e4c7b4._.js:886:13
[   35929ms] [WARNING] GoTrueClient@sb-srhpdgqqiuzdrlqaitdk-auth-token:2 (2.97.0) 2026-03-12T01:13:09.339Z Multiple GoTrueClient instances detected in the same browser context. It is not an error, but this should be avoided as it may produce undefined behavior when used concurrently under the same storage key. @ http://localhost:3000/_next/static/chunks/node_modules_next_dist_f3530cac._.js:2297
