[     995ms] [ERROR] Failed to load resource: the server responded with a status of 400 () @ https://srhpdgqqiuzdrlqaitdk.supabase.co/rest/v1/notifications?select=*&recipient_id=eq.12e2e0fe-cc7e-4a71-b806-f98d2b58e27e&is_archived=eq.false&order=created_at.desc&limit=100:0
[    2066ms] [ERROR] Failed to load resource: the server responded with a status of 400 () @ https://srhpdgqqiuzdrlqaitdk.supabase.co/rest/v1/notifications?select=*&recipient_id=eq.12e2e0fe-cc7e-4a71-b806-f98d2b58e27e&is_archived=eq.false&order=created_at.desc&limit=100:0
[    4149ms] [ERROR] Failed to load resource: the server responded with a status of 400 () @ https://srhpdgqqiuzdrlqaitdk.supabase.co/rest/v1/notifications?select=*&recipient_id=eq.12e2e0fe-cc7e-4a71-b806-f98d2b58e27e&is_archived=eq.false&order=created_at.desc&limit=100:0
[    8215ms] [ERROR] Failed to load resource: the server responded with a status of 400 () @ https://srhpdgqqiuzdrlqaitdk.supabase.co/rest/v1/notifications?select=*&recipient_id=eq.12e2e0fe-cc7e-4a71-b806-f98d2b58e27e&is_archived=eq.false&order=created_at.desc&limit=100:0
[   26994ms] [ERROR] Failed to load resource: the server responded with a status of 400 () @ https://srhpdgqqiuzdrlqaitdk.supabase.co/rest/v1/profiles?select=id%2Cleaderboard_anonymous&id=in.%2812e2e0fe-cc7e-4a71-b806-f98d2b58e27e%2C1a1f4cfc-4754-49a7-85c5-4477d24ff837%2C1a7233e5-2b4d-46a3-a77b-c7f6c409746a%2C3ba69a72-d275-4625-b9d8-25e139817711%2C5fd740bb-84f9-43b3-80e9-64a71a53fcf6%2Cf5f0edd4-c57c-446e-89e2-6723987c1783%29&leaderboard_anonymous=eq.true:0
[ 1664909ms] [ERROR] WebSocket connection to 'wss://srhpdgqqiuzdrlqaitdk.supabase.co/realtime/v1/websocket?apikey=sb_publishable_wTbl-J_BGBzPwVY2wsjZ6Q_RcqIxlOh&vsn=2.0.0' failed:  @ http://localhost:3000/_next/static/chunks/node_modules_84c5409c._.js:6397
[ 1664910ms] [ERROR] WebSocket connection to 'ws://localhost:3000/_next/webpack-hmr?id=r9Xe_Q5kF0YJJSTcBdO6Q' failed:  @ http://localhost:3000/_next/static/chunks/node_modules_next_dist_client_17643121._.js:10878
[ 1665921ms] [ERROR] WebSocket connection to 'ws://localhost:3000/_next/webpack-hmr?id=r9Xe_Q5kF0YJJSTcBdO6Q' failed: Error in connection establishment: net::ERR_CONNECTION_REFUSED @ http://localhost:3000/_next/static/chunks/node_modules_next_dist_client_17643121._.js:10878
[ 1666926ms] [ERROR] WebSocket connection to 'ws://localhost:3000/_next/webpack-hmr?id=r9Xe_Q5kF0YJJSTcBdO6Q' failed: Error in connection establishment: net::ERR_CONNECTION_REFUSED @ http://localhost:3000/_next/static/chunks/node_modules_next_dist_client_17643121._.js:10878
[ 2002082ms] [ERROR] WebSocket connection to 'ws://localhost:3000/_next/webpack-hmr?id=yQtYRFZig3Y-cFIXBm26B' failed:  @ http://localhost:3000/_next/static/chunks/node_modules_next_dist_client_17643121._.js:10878
[ 2003088ms] [ERROR] WebSocket connection to 'ws://localhost:3000/_next/webpack-hmr?id=yQtYRFZig3Y-cFIXBm26B' failed: Error in connection establishment: net::ERR_CONNECTION_REFUSED @ http://localhost:3000/_next/static/chunks/node_modules_next_dist_client_17643121._.js:10878
[ 2004090ms] [ERROR] WebSocket connection to 'ws://localhost:3000/_next/webpack-hmr?id=yQtYRFZig3Y-cFIXBm26B' failed: Error in connection establishment: net::ERR_CONNECTION_REFUSED @ http://localhost:3000/_next/static/chunks/node_modules_next_dist_client_17643121._.js:10878
[ 2005093ms] [ERROR] WebSocket connection to 'ws://localhost:3000/_next/webpack-hmr?id=yQtYRFZig3Y-cFIXBm26B' failed: Error in connection establishment: net::ERR_CONNECTION_REFUSED @ http://localhost:3000/_next/static/chunks/node_modules_next_dist_client_17643121._.js:10878
[ 2006097ms] [ERROR] WebSocket connection to 'ws://localhost:3000/_next/webpack-hmr?id=yQtYRFZig3Y-cFIXBm26B' failed: Error in connection establishment: net::ERR_CONNECTION_REFUSED @ http://localhost:3000/_next/static/chunks/node_modules_next_dist_client_17643121._.js:10878
[ 2007102ms] [ERROR] WebSocket connection to 'ws://localhost:3000/_next/webpack-hmr?id=yQtYRFZig3Y-cFIXBm26B' failed: Error in connection establishment: net::ERR_CONNECTION_REFUSED @ http://localhost:3000/_next/static/chunks/node_modules_next_dist_client_17643121._.js:10878
[ 2012112ms] [ERROR] WebSocket connection to 'ws://localhost:3000/_next/webpack-hmr?id=yQtYRFZig3Y-cFIXBm26B' failed: Error in connection establishment: net::ERR_CONNECTION_REFUSED @ http://localhost:3000/_next/static/chunks/node_modules_next_dist_client_17643121._.js:10878
[ 2017129ms] [ERROR] WebSocket connection to 'ws://localhost:3000/_next/webpack-hmr?id=yQtYRFZig3Y-cFIXBm26B' failed: Error in connection establishment: net::ERR_CONNECTION_REFUSED @ http://localhost:3000/_next/static/chunks/node_modules_next_dist_client_17643121._.js:10878
[ 2022152ms] [ERROR] WebSocket connection to 'ws://localhost:3000/_next/webpack-hmr?id=yQtYRFZig3Y-cFIXBm26B' failed: Error in connection establishment: net::ERR_CONNECTION_REFUSED @ http://localhost:3000/_next/static/chunks/node_modules_next_dist_client_17643121._.js:10878
[ 2027186ms] [ERROR] WebSocket connection to 'ws://localhost:3000/_next/webpack-hmr?id=yQtYRFZig3Y-cFIXBm26B' failed: Error in connection establishment: net::ERR_CONNECTION_REFUSED @ http://localhost:3000/_next/static/chunks/node_modules_next_dist_client_17643121._.js:10878
[ 2032232ms] [ERROR] WebSocket connection to 'ws://localhost:3000/_next/webpack-hmr?id=yQtYRFZig3Y-cFIXBm26B' failed: Error in connection establishment: net::ERR_CONNECTION_REFUSED @ http://localhost:3000/_next/static/chunks/node_modules_next_dist_client_17643121._.js:10878
[ 2037365ms] [ERROR] WebSocket connection to 'ws://localhost:3000/_next/webpack-hmr?id=yQtYRFZig3Y-cFIXBm26B' failed: Error in connection establishment: net::ERR_CONNECTION_REFUSED @ http://localhost:3000/_next/static/chunks/node_modules_next_dist_client_17643121._.js:10878
[ 2042584ms] [ERROR] WebSocket connection to 'ws://localhost:3000/_next/webpack-hmr?id=yQtYRFZig3Y-cFIXBm26B' failed: Error in connection establishment: net::ERR_CONNECTION_REFUSED @ http://localhost:3000/_next/static/chunks/node_modules_next_dist_client_17643121._.js:10878
