[    1506ms] [ERROR] A tree hydrated but some attributes of the server rendered HTML didn't match the client properties. This won't be patched up. This can happen if a SSR-ed Client Component used:

- A server/client branch `if (typeof window !== 'undefined')`.
- Variable input such as `Date.now()` or `Math.random()` which changes each time it's called.
- Date formatting in a user's locale which doesn't match the server.
- External changing data without sending a snapshot of it along with the HTML.
- Invalid HTML tag nesting.

It can also happen if the client has a browser extension installed which messes with the HTML before React loaded.

%s%s https://react.dev/link/hydration-mismatch 

  ...
    <LoadingBoundary name="settings/" loading={null}>
      <HTTPAccessFallbackBoundary notFound={undefined} forbidden={undefined} unauthorized={undefined}>
        <RedirectBoundary>
          <RedirectErrorBoundary router={{...}}>
            <InnerLayoutRouter url="/client/se..." tree={[...]} params={{}} cacheNode={{rsc:<Fragment>, ...}} ...>
              <SegmentViewNode type="page" pagePath="client/set...">
                <SegmentTrieNode>
                <ClientPageRoot Component={function SettingsPage} serverProvidedParams={{...}}>
                  <SettingsPage params={Promise} searchParams={Promise}>
                    <motion.div initial="hidden" animate="visible" variants={{hidden:{...}, ...}} ...>
                      <div className="max-w-2xl ..." style={{opacity:0, ...}} ref={function useMotionRef.useCallback}>
                        <div>
                        <div>
                        <div className="bg-surface..." style={{...}}>
                          <div>
                          <div className="flex gap-3">
                            <button
                              onClick={function onClick}
+                             className="flex-1 h-20 rounded-xl border-2 flex flex-col items-center justify-center gap..."
-                             className="flex-1 h-20 rounded-xl border-2 flex flex-col items-center justify-center gap..."
                            >
                            ...
                        ...
              ...
            ...
 @ http://localhost:3000/_next/static/chunks/node_modules_next_dist_f3530cac._.js:3127
