[     940ms] [ERROR] Failed to load resource: the server responded with a status of 400 () @ https://srhpdgqqiuzdrlqaitdk.supabase.co/rest/v1/saved_segments?select=*%2Ccreator%3Aprofiles%21saved_segments_created_by_fkey%28full_name%2Cavatar_url%29&order=created_at.desc:0
[  125723ms] [ERROR] Failed to load resource: the server responded with a status of 400 () @ https://srhpdgqqiuzdrlqaitdk.supabase.co/rest/v1/messages?select=*%2Csender%3Aprofiles%21messages_sender_id_fkey%28id%2Cfull_name%2Cavatar_url%2Crole%29%2Creactions%3Amessage_reactions%28id%2Cemoji%2Cprofile_id%29%2Cattachments%3Amessage_attachments%28id%2Cfile_name%2Cfile_url%2Cfile_type%2Cfile_size%29%2Creply_message%3Amessages%21messages_reply_to_fkey%28id%2Ccontent%2Csender%3Aprofiles%21messages_sender_id_fkey%28id%2Cfull_name%29%29&channel_id=eq.d9eba521-082d-4186-a91c-dd981f910e1d&deleted_at=is.null&order=created_at.asc&limit=200:0
[  126835ms] [ERROR] Failed to load resource: the server responded with a status of 400 () @ https://srhpdgqqiuzdrlqaitdk.supabase.co/rest/v1/messages?select=*%2Csender%3Aprofiles%21messages_sender_id_fkey%28id%2Cfull_name%2Cavatar_url%2Crole%29%2Creactions%3Amessage_reactions%28id%2Cemoji%2Cprofile_id%29%2Cattachments%3Amessage_attachments%28id%2Cfile_name%2Cfile_url%2Cfile_type%2Cfile_size%29%2Creply_message%3Amessages%21messages_reply_to_fkey%28id%2Ccontent%2Csender%3Aprofiles%21messages_sender_id_fkey%28id%2Cfull_name%29%29&channel_id=eq.d9eba521-082d-4186-a91c-dd981f910e1d&deleted_at=is.null&order=created_at.asc&limit=200:0
[  128936ms] [ERROR] Failed to load resource: the server responded with a status of 400 () @ https://srhpdgqqiuzdrlqaitdk.supabase.co/rest/v1/messages?select=*%2Csender%3Aprofiles%21messages_sender_id_fkey%28id%2Cfull_name%2Cavatar_url%2Crole%29%2Creactions%3Amessage_reactions%28id%2Cemoji%2Cprofile_id%29%2Cattachments%3Amessage_attachments%28id%2Cfile_name%2Cfile_url%2Cfile_type%2Cfile_size%29%2Creply_message%3Amessages%21messages_reply_to_fkey%28id%2Ccontent%2Csender%3Aprofiles%21messages_sender_id_fkey%28id%2Cfull_name%29%29&channel_id=eq.d9eba521-082d-4186-a91c-dd981f910e1d&deleted_at=is.null&order=created_at.asc&limit=200:0
[  133064ms] [ERROR] Failed to load resource: the server responded with a status of 400 () @ https://srhpdgqqiuzdrlqaitdk.supabase.co/rest/v1/messages?select=*%2Csender%3Aprofiles%21messages_sender_id_fkey%28id%2Cfull_name%2Cavatar_url%2Crole%29%2Creactions%3Amessage_reactions%28id%2Cemoji%2Cprofile_id%29%2Cattachments%3Amessage_attachments%28id%2Cfile_name%2Cfile_url%2Cfile_type%2Cfile_size%29%2Creply_message%3Amessages%21messages_reply_to_fkey%28id%2Ccontent%2Csender%3Aprofiles%21messages_sender_id_fkey%28id%2Cfull_name%29%29&channel_id=eq.d9eba521-082d-4186-a91c-dd981f910e1d&deleted_at=is.null&order=created_at.asc&limit=200:0
[  136224ms] [ERROR] Failed to load resource: the server responded with a status of 400 () @ https://srhpdgqqiuzdrlqaitdk.supabase.co/rest/v1/course_prerequisites?select=course_id%2Cprerequisite_course_id:0
[  137321ms] [ERROR] Failed to load resource: the server responded with a status of 400 () @ https://srhpdgqqiuzdrlqaitdk.supabase.co/rest/v1/course_prerequisites?select=course_id%2Cprerequisite_course_id:0
[  139415ms] [ERROR] Failed to load resource: the server responded with a status of 400 () @ https://srhpdgqqiuzdrlqaitdk.supabase.co/rest/v1/course_prerequisites?select=course_id%2Cprerequisite_course_id:0
[  142868ms] [ERROR] Failed to load resource: the server responded with a status of 400 () @ https://srhpdgqqiuzdrlqaitdk.supabase.co/rest/v1/profiles?select=*%2Cstudent_details%28*%2Cassigned_coach_profile%3Aprofiles%21student_details_assigned_coach_fkey%28full_name%29%29&role=eq.client&order=created_at.desc&limit=50:0
[  142905ms] [ERROR] Failed to load resource: the server responded with a status of 400 () @ https://srhpdgqqiuzdrlqaitdk.supabase.co/rest/v1/commissions?select=*%2Ccontractor%3Aprofiles%21commissions_contractor_id_fkey%28id%2Cfull_name%2Cemail%29&order=created_at.desc:0
[  144390ms] [ERROR] Failed to load resource: the server responded with a status of 400 () @ https://srhpdgqqiuzdrlqaitdk.supabase.co/rest/v1/commissions?select=*%2Ccontractor%3Aprofiles%21commissions_contractor_id_fkey%28id%2Cfull_name%2Cemail%29&order=created_at.desc:0
[  144391ms] [ERROR] Failed to load resource: the server responded with a status of 400 () @ https://srhpdgqqiuzdrlqaitdk.supabase.co/rest/v1/profiles?select=*%2Cstudent_details%28*%2Cassigned_coach_profile%3Aprofiles%21student_details_assigned_coach_fkey%28full_name%29%29&role=eq.client&order=created_at.desc&limit=50:0
[  165217ms] [ERROR] Failed to load resource: the server responded with a status of 400 () @ https://srhpdgqqiuzdrlqaitdk.supabase.co/rest/v1/coach_assignments?select=*%2Ccoach%3Aprofiles%21coach_assignments_coach_id_fkey%28id%2Cfull_name%2Cemail%2Cavatar_url%2Crole%29%2Cclient%3Aprofiles%21coach_assignments_client_id_fkey%28id%2Cfull_name%2Cemail%2Cavatar_url%2Crole%2Cstudent_details%28*%29%29&status=eq.active:0
[  166413ms] [ERROR] Failed to load resource: the server responded with a status of 400 () @ https://srhpdgqqiuzdrlqaitdk.supabase.co/rest/v1/coach_assignments?select=*%2Ccoach%3Aprofiles%21coach_assignments_coach_id_fkey%28id%2Cfull_name%2Cemail%2Cavatar_url%2Crole%29%2Cclient%3Aprofiles%21coach_assignments_client_id_fkey%28id%2Cfull_name%2Cemail%2Cavatar_url%2Crole%2Cstudent_details%28*%29%29&status=eq.active:0
[  240373ms] [WARNING] The width(-1) and height(-1) of chart should be greater than 0,
       please check the style of container, or the props width(100%) and height(100%),
       or add a minWidth(0) or minHeight(undefined) or use aspect(undefined) to control the
       height and width. @ https://off-market-amber.vercel.app/_next/static/chunks/cbd538ff353fa976.js:0
[  249996ms] [ERROR] Failed to load resource: the server responded with a status of 400 () @ https://srhpdgqqiuzdrlqaitdk.supabase.co/rest/v1/crm_contacts?select=pipeline_stage:0
[  250041ms] [WARNING] The width(-1) and height(-1) of chart should be greater than 0,
       please check the style of container, or the props width(100%) and height(100%),
       or add a minWidth(0) or minHeight(undefined) or use aspect(undefined) to control the
       height and width. @ https://off-market-amber.vercel.app/_next/static/chunks/cbd538ff353fa976.js:0
[  250041ms] [WARNING] The width(-1) and height(-1) of chart should be greater than 0,
       please check the style of container, or the props width(100%) and height(100%),
       or add a minWidth(0) or minHeight(undefined) or use aspect(undefined) to control the
       height and width. @ https://off-market-amber.vercel.app/_next/static/chunks/cbd538ff353fa976.js:0
[  251102ms] [ERROR] Failed to load resource: the server responded with a status of 400 () @ https://srhpdgqqiuzdrlqaitdk.supabase.co/rest/v1/crm_contacts?select=pipeline_stage:0
[  253189ms] [ERROR] Failed to load resource: the server responded with a status of 400 () @ https://srhpdgqqiuzdrlqaitdk.supabase.co/rest/v1/crm_contacts?select=pipeline_stage:0
[  255325ms] [ERROR] Failed to load resource: the server responded with a status of 400 () @ https://srhpdgqqiuzdrlqaitdk.supabase.co/rest/v1/saved_segments?select=*%2Ccreator%3Aprofiles%21saved_segments_created_by_fkey%28full_name%2Cavatar_url%29&order=created_at.desc:0
[  259823ms] [ERROR] Failed to load resource: the server responded with a status of 400 () @ https://srhpdgqqiuzdrlqaitdk.supabase.co/rest/v1/profiles?select=*%2Cstudent_details%28*%2Cassigned_coach_profile%3Aprofiles%21student_details_assigned_coach_fkey%28full_name%29%29&role=eq.client&order=created_at.desc&limit=50:0
[  260985ms] [ERROR] Failed to load resource: the server responded with a status of 400 () @ https://srhpdgqqiuzdrlqaitdk.supabase.co/rest/v1/profiles?select=*%2Cstudent_details%28*%2Cassigned_coach_profile%3Aprofiles%21student_details_assigned_coach_fkey%28full_name%29%29&role=eq.client&order=created_at.desc&limit=50:0
[  263145ms] [ERROR] Failed to load resource: the server responded with a status of 400 () @ https://srhpdgqqiuzdrlqaitdk.supabase.co/rest/v1/profiles?select=*%2Cstudent_details%28*%2Cassigned_coach_profile%3Aprofiles%21student_details_assigned_coach_fkey%28full_name%29%29&role=eq.client&order=created_at.desc&limit=50:0
[  267279ms] [ERROR] Failed to load resource: the server responded with a status of 400 () @ https://srhpdgqqiuzdrlqaitdk.supabase.co/rest/v1/profiles?select=*%2Cstudent_details%28*%2Cassigned_coach_profile%3Aprofiles%21student_details_assigned_coach_fkey%28full_name%29%29&role=eq.client&order=created_at.desc&limit=50:0
[  534400ms] [ERROR] Failed to load resource: the server responded with a status of 400 () @ https://srhpdgqqiuzdrlqaitdk.supabase.co/rest/v1/saved_segments?select=*%2Ccreator%3Aprofiles%21saved_segments_created_by_fkey%28full_name%2Cavatar_url%29&order=created_at.desc:0
[  540719ms] [WARNING] The width(-1) and height(-1) of chart should be greater than 0,
       please check the style of container, or the props width(100%) and height(100%),
       or add a minWidth(0) or minHeight(undefined) or use aspect(undefined) to control the
       height and width. @ https://off-market-amber.vercel.app/_next/static/chunks/cbd538ff353fa976.js:0
[  540724ms] [WARNING] The width(-1) and height(-1) of chart should be greater than 0,
       please check the style of container, or the props width(100%) and height(100%),
       or add a minWidth(0) or minHeight(undefined) or use aspect(undefined) to control the
       height and width. @ https://off-market-amber.vercel.app/_next/static/chunks/cbd538ff353fa976.js:0
[  540979ms] [ERROR] Failed to load resource: the server responded with a status of 400 () @ https://srhpdgqqiuzdrlqaitdk.supabase.co/rest/v1/crm_contacts?select=pipeline_stage:0
[  542068ms] [ERROR] Failed to load resource: the server responded with a status of 400 () @ https://srhpdgqqiuzdrlqaitdk.supabase.co/rest/v1/crm_contacts?select=pipeline_stage:0
[  544176ms] [ERROR] Failed to load resource: the server responded with a status of 400 () @ https://srhpdgqqiuzdrlqaitdk.supabase.co/rest/v1/crm_contacts?select=pipeline_stage:0
[  548300ms] [ERROR] Failed to load resource: the server responded with a status of 400 () @ https://srhpdgqqiuzdrlqaitdk.supabase.co/rest/v1/crm_contacts?select=pipeline_stage:0
