[     752ms] [ERROR] Failed to load resource: the server responded with a status of 404 () @ https://srhpdgqqiuzdrlqaitdk.supabase.co/rest/v1/daily_activity?select=*&profile_id=eq.12e2e0fe-cc7e-4a71-b806-f98d2b58e27e&activity_date=gte.2026-02-14&order=activity_date.desc:0
[     755ms] [ERROR] Failed to load resource: the server responded with a status of 404 () @ https://srhpdgqqiuzdrlqaitdk.supabase.co/rest/v1/upsell_triggers?select=*%2Crule%3Aupsell_rules%28*%29&client_id=eq.12e2e0fe-cc7e-4a71-b806-f98d2b58e27e&status=in.%28pending%2Cnotified%29&order=triggered_at.desc:0
[     760ms] [ERROR] Failed to load resource: the server responded with a status of 400 () @ https://srhpdgqqiuzdrlqaitdk.supabase.co/rest/v1/streaks?select=*&profile_id=eq.12e2e0fe-cc7e-4a71-b806-f98d2b58e27e:0
[     773ms] [ERROR] Failed to load resource: the server responded with a status of 404 () @ https://srhpdgqqiuzdrlqaitdk.supabase.co/rest/v1/rituals?select=*&profile_id=eq.12e2e0fe-cc7e-4a71-b806-f98d2b58e27e&order=created_at.asc:0
[     819ms] [ERROR] Failed to load resource: the server responded with a status of 400 () @ https://srhpdgqqiuzdrlqaitdk.supabase.co/rest/v1/notifications?select=*&recipient_id=eq.12e2e0fe-cc7e-4a71-b806-f98d2b58e27e&is_archived=eq.false&order=created_at.desc&limit=100:0
[    1824ms] [ERROR] Failed to load resource: the server responded with a status of 404 () @ https://srhpdgqqiuzdrlqaitdk.supabase.co/rest/v1/daily_activity?select=*&profile_id=eq.12e2e0fe-cc7e-4a71-b806-f98d2b58e27e&activity_date=gte.2026-02-14&order=activity_date.desc:0
[    1824ms] [ERROR] Failed to load resource: the server responded with a status of 404 () @ https://srhpdgqqiuzdrlqaitdk.supabase.co/rest/v1/upsell_triggers?select=*%2Crule%3Aupsell_rules%28*%29&client_id=eq.12e2e0fe-cc7e-4a71-b806-f98d2b58e27e&status=in.%28pending%2Cnotified%29&order=triggered_at.desc:0
[    1833ms] [ERROR] Failed to load resource: the server responded with a status of 400 () @ https://srhpdgqqiuzdrlqaitdk.supabase.co/rest/v1/streaks?select=*&profile_id=eq.12e2e0fe-cc7e-4a71-b806-f98d2b58e27e:0
[    1839ms] [ERROR] Failed to load resource: the server responded with a status of 404 () @ https://srhpdgqqiuzdrlqaitdk.supabase.co/rest/v1/rituals?select=*&profile_id=eq.12e2e0fe-cc7e-4a71-b806-f98d2b58e27e&order=created_at.asc:0
[    1893ms] [ERROR] Failed to load resource: the server responded with a status of 400 () @ https://srhpdgqqiuzdrlqaitdk.supabase.co/rest/v1/notifications?select=*&recipient_id=eq.12e2e0fe-cc7e-4a71-b806-f98d2b58e27e&is_archived=eq.false&order=created_at.desc&limit=100:0
[    3906ms] [ERROR] Failed to load resource: the server responded with a status of 404 () @ https://srhpdgqqiuzdrlqaitdk.supabase.co/rest/v1/daily_activity?select=*&profile_id=eq.12e2e0fe-cc7e-4a71-b806-f98d2b58e27e&activity_date=gte.2026-02-14&order=activity_date.desc:0
[    3906ms] [ERROR] Failed to load resource: the server responded with a status of 404 () @ https://srhpdgqqiuzdrlqaitdk.supabase.co/rest/v1/upsell_triggers?select=*%2Crule%3Aupsell_rules%28*%29&client_id=eq.12e2e0fe-cc7e-4a71-b806-f98d2b58e27e&status=in.%28pending%2Cnotified%29&order=triggered_at.desc:0
[    3910ms] [ERROR] Failed to load resource: the server responded with a status of 404 () @ https://srhpdgqqiuzdrlqaitdk.supabase.co/rest/v1/rituals?select=*&profile_id=eq.12e2e0fe-cc7e-4a71-b806-f98d2b58e27e&order=created_at.asc:0
[    3910ms] [ERROR] Failed to load resource: the server responded with a status of 400 () @ https://srhpdgqqiuzdrlqaitdk.supabase.co/rest/v1/streaks?select=*&profile_id=eq.12e2e0fe-cc7e-4a71-b806-f98d2b58e27e:0
[    3978ms] [ERROR] Failed to load resource: the server responded with a status of 400 () @ https://srhpdgqqiuzdrlqaitdk.supabase.co/rest/v1/notifications?select=*&recipient_id=eq.12e2e0fe-cc7e-4a71-b806-f98d2b58e27e&is_archived=eq.false&order=created_at.desc&limit=100:0
[    7975ms] [ERROR] Failed to load resource: the server responded with a status of 404 () @ https://srhpdgqqiuzdrlqaitdk.supabase.co/rest/v1/upsell_triggers?select=*%2Crule%3Aupsell_rules%28*%29&client_id=eq.12e2e0fe-cc7e-4a71-b806-f98d2b58e27e&status=in.%28pending%2Cnotified%29&order=triggered_at.desc:0
[    7980ms] [ERROR] Failed to load resource: the server responded with a status of 404 () @ https://srhpdgqqiuzdrlqaitdk.supabase.co/rest/v1/daily_activity?select=*&profile_id=eq.12e2e0fe-cc7e-4a71-b806-f98d2b58e27e&activity_date=gte.2026-02-14&order=activity_date.desc:0
[    7980ms] [ERROR] Failed to load resource: the server responded with a status of 404 () @ https://srhpdgqqiuzdrlqaitdk.supabase.co/rest/v1/rituals?select=*&profile_id=eq.12e2e0fe-cc7e-4a71-b806-f98d2b58e27e&order=created_at.asc:0
[    7986ms] [ERROR] Failed to load resource: the server responded with a status of 400 () @ https://srhpdgqqiuzdrlqaitdk.supabase.co/rest/v1/streaks?select=*&profile_id=eq.12e2e0fe-cc7e-4a71-b806-f98d2b58e27e:0
[    8043ms] [ERROR] Failed to load resource: the server responded with a status of 400 () @ https://srhpdgqqiuzdrlqaitdk.supabase.co/rest/v1/notifications?select=*&recipient_id=eq.12e2e0fe-cc7e-4a71-b806-f98d2b58e27e&is_archived=eq.false&order=created_at.desc&limit=100:0
