[  132044ms] [ERROR] Failed to load resource: the server responded with a status of 404 () @ https://srhpdgqqiuzdrlqaitdk.supabase.co/rest/v1/lesson_completions?select=id:0
[  132168ms] [ERROR] Failed to load resource: the server responded with a status of 400 () @ https://srhpdgqqiuzdrlqaitdk.supabase.co/rest/v1/notifications?select=*&recipient_id=eq.13df0cc6-9344-40f6-918d-2e36fe28d9ed&is_archived=eq.false&order=created_at.desc&limit=100:0
[  132169ms] [ERROR] Failed to load resource: the server responded with a status of 404 () @ https://srhpdgqqiuzdrlqaitdk.supabase.co/rest/v1/crm_contacts?select=stage%2Csource%2Cestimated_value:0
[  132169ms] [ERROR] Failed to load resource: the server responded with a status of 404 () @ https://srhpdgqqiuzdrlqaitdk.supabase.co/rest/v1/contacts?select=pipeline_stage:0
[  132184ms] [ERROR] Failed to load resource: the server responded with a status of 404 () @ https://srhpdgqqiuzdrlqaitdk.supabase.co/rest/v1/kpi_goals?select=*&order=created_at.desc&is_archived=eq.false:0
[  132227ms] [WARNING] The width(-1) and height(-1) of chart should be greater than 0,
       please check the style of container, or the props width(100%) and height(100%),
       or add a minWidth(0) or minHeight(undefined) or use aspect(undefined) to control the
       height and width. @ http://localhost:3000/_next/static/chunks/node_modules_next_dist_f3530cac._.js:2297
[  132227ms] [WARNING] The width(-1) and height(-1) of chart should be greater than 0,
       please check the style of container, or the props width(100%) and height(100%),
       or add a minWidth(0) or minHeight(undefined) or use aspect(undefined) to control the
       height and width. @ http://localhost:3000/_next/static/chunks/node_modules_next_dist_f3530cac._.js:2297
[  132227ms] [WARNING] The width(-1) and height(-1) of chart should be greater than 0,
       please check the style of container, or the props width(100%) and height(100%),
       or add a minWidth(0) or minHeight(undefined) or use aspect(undefined) to control the
       height and width. @ http://localhost:3000/_next/static/chunks/node_modules_next_dist_f3530cac._.js:2297
[  132228ms] [WARNING] The width(-1) and height(-1) of chart should be greater than 0,
       please check the style of container, or the props width(100%) and height(100%),
       or add a minWidth(0) or minHeight(undefined) or use aspect(undefined) to control the
       height and width. @ http://localhost:3000/_next/static/chunks/node_modules_next_dist_f3530cac._.js:2297
[  133275ms] [ERROR] Failed to load resource: the server responded with a status of 404 () @ https://srhpdgqqiuzdrlqaitdk.supabase.co/rest/v1/kpi_goals?select=*&order=created_at.desc&is_archived=eq.false:0
[  133275ms] [ERROR] Failed to load resource: the server responded with a status of 404 () @ https://srhpdgqqiuzdrlqaitdk.supabase.co/rest/v1/contacts?select=pipeline_stage:0
[  133276ms] [ERROR] Failed to load resource: the server responded with a status of 400 () @ https://srhpdgqqiuzdrlqaitdk.supabase.co/rest/v1/notifications?select=*&recipient_id=eq.13df0cc6-9344-40f6-918d-2e36fe28d9ed&is_archived=eq.false&order=created_at.desc&limit=100:0
[  135377ms] [ERROR] Failed to load resource: the server responded with a status of 404 () @ https://srhpdgqqiuzdrlqaitdk.supabase.co/rest/v1/kpi_goals?select=*&order=created_at.desc&is_archived=eq.false:0
[  135378ms] [ERROR] Failed to load resource: the server responded with a status of 400 () @ https://srhpdgqqiuzdrlqaitdk.supabase.co/rest/v1/notifications?select=*&recipient_id=eq.13df0cc6-9344-40f6-918d-2e36fe28d9ed&is_archived=eq.false&order=created_at.desc&limit=100:0
[  135378ms] [ERROR] Failed to load resource: the server responded with a status of 404 () @ https://srhpdgqqiuzdrlqaitdk.supabase.co/rest/v1/contacts?select=pipeline_stage:0
