[    1577ms] [ERROR] Failed to load resource: the server responded with a status of 400 () @ https://srhpdgqqiuzdrlqaitdk.supabase.co/rest/v1/crm_contacts?select=pipeline_stage:0
[    1624ms] [WARNING] The width(-1) and height(-1) of chart should be greater than 0,
       please check the style of container, or the props width(100%) and height(100%),
       or add a minWidth(0) or minHeight(undefined) or use aspect(undefined) to control the
       height and width. @ https://off-market-amber.vercel.app/_next/static/chunks/17c9625d5d2d5344.js:0
[    1625ms] [WARNING] The width(-1) and height(-1) of chart should be greater than 0,
       please check the style of container, or the props width(100%) and height(100%),
       or add a minWidth(0) or minHeight(undefined) or use aspect(undefined) to control the
       height and width. @ https://off-market-amber.vercel.app/_next/static/chunks/17c9625d5d2d5344.js:0
[    2690ms] [ERROR] Failed to load resource: the server responded with a status of 400 () @ https://srhpdgqqiuzdrlqaitdk.supabase.co/rest/v1/crm_contacts?select=pipeline_stage:0
[    4788ms] [ERROR] Failed to load resource: the server responded with a status of 400 () @ https://srhpdgqqiuzdrlqaitdk.supabase.co/rest/v1/crm_contacts?select=pipeline_stage:0
[    8901ms] [ERROR] Failed to load resource: the server responded with a status of 400 () @ https://srhpdgqqiuzdrlqaitdk.supabase.co/rest/v1/crm_contacts?select=pipeline_stage:0
[  109568ms] [ERROR] Failed to load resource: the server responded with a status of 400 () @ https://srhpdgqqiuzdrlqaitdk.supabase.co/rest/v1/messages?select=*%2Csender%3Aprofiles%21messages_sender_id_fkey%28id%2Cfull_name%2Cavatar_url%2Crole%29%2Creactions%3Amessage_reactions%28id%2Cemoji%2Cprofile_id%29%2Cattachments%3Amessage_attachments%28id%2Cfile_name%2Cfile_url%2Cfile_type%2Cfile_size%29%2Creply_message%3Amessages%21messages_reply_to_fkey%28id%2Ccontent%2Csender%3Aprofiles%21messages_sender_id_fkey%28id%2Cfull_name%29%29&channel_id=eq.d9eba521-082d-4186-a91c-dd981f910e1d&deleted_at=is.null&order=created_at.asc&limit=200:0
[  111004ms] [ERROR] Failed to load resource: the server responded with a status of 400 () @ https://srhpdgqqiuzdrlqaitdk.supabase.co/rest/v1/crm_contacts?select=pipeline_stage:0
[  111141ms] [WARNING] The width(-1) and height(-1) of chart should be greater than 0,
       please check the style of container, or the props width(100%) and height(100%),
       or add a minWidth(0) or minHeight(undefined) or use aspect(undefined) to control the
       height and width. @ https://off-market-amber.vercel.app/_next/static/chunks/17c9625d5d2d5344.js:0
[  111141ms] [WARNING] The width(-1) and height(-1) of chart should be greater than 0,
       please check the style of container, or the props width(100%) and height(100%),
       or add a minWidth(0) or minHeight(undefined) or use aspect(undefined) to control the
       height and width. @ https://off-market-amber.vercel.app/_next/static/chunks/17c9625d5d2d5344.js:0
[  112085ms] [ERROR] Failed to load resource: the server responded with a status of 400 () @ https://srhpdgqqiuzdrlqaitdk.supabase.co/rest/v1/crm_contacts?select=pipeline_stage:0
[  114175ms] [ERROR] Failed to load resource: the server responded with a status of 400 () @ https://srhpdgqqiuzdrlqaitdk.supabase.co/rest/v1/crm_contacts?select=pipeline_stage:0
[  118249ms] [ERROR] Failed to load resource: the server responded with a status of 400 () @ https://srhpdgqqiuzdrlqaitdk.supabase.co/rest/v1/crm_contacts?select=pipeline_stage:0
[ 1367499ms] [ERROR] Failed to load resource: the server responded with a status of 400 () @ https://srhpdgqqiuzdrlqaitdk.supabase.co/rest/v1/saved_segments?select=*%2Ccreator%3Aprofiles%21saved_segments_created_by_fkey%28full_name%2Cavatar_url%29&order=created_at.desc:0
[ 1373837ms] [ERROR] Failed to load resource: the server responded with a status of 400 () @ https://srhpdgqqiuzdrlqaitdk.supabase.co/rest/v1/profiles?select=*%2Cstudent_details%28*%2Cassigned_coach_profile%3Aprofiles%21student_details_assigned_coach_fkey%28full_name%29%29&role=eq.client&order=created_at.desc&limit=50:0
[ 1374919ms] [ERROR] Failed to load resource: the server responded with a status of 400 () @ https://srhpdgqqiuzdrlqaitdk.supabase.co/rest/v1/profiles?select=*%2Cstudent_details%28*%2Cassigned_coach_profile%3Aprofiles%21student_details_assigned_coach_fkey%28full_name%29%29&role=eq.client&order=created_at.desc&limit=50:0
[ 1376993ms] [ERROR] Failed to load resource: the server responded with a status of 400 () @ https://srhpdgqqiuzdrlqaitdk.supabase.co/rest/v1/profiles?select=*%2Cstudent_details%28*%2Cassigned_coach_profile%3Aprofiles%21student_details_assigned_coach_fkey%28full_name%29%29&role=eq.client&order=created_at.desc&limit=50:0
[ 1381070ms] [ERROR] Failed to load resource: the server responded with a status of 400 () @ https://srhpdgqqiuzdrlqaitdk.supabase.co/rest/v1/profiles?select=*%2Cstudent_details%28*%2Cassigned_coach_profile%3Aprofiles%21student_details_assigned_coach_fkey%28full_name%29%29&role=eq.client&order=created_at.desc&limit=50:0
