[     697ms] [ERROR] Failed to load resource: the server responded with a status of 400 () @ https://srhpdgqqiuzdrlqaitdk.supabase.co/rest/v1/daily_activity?select=*&profile_id=eq.5fd740bb-84f9-43b3-80e9-64a71a53fcf6&activity_date=gte.2026-02-15&order=activity_date.desc:0
[     760ms] [ERROR] Failed to load resource: the server responded with a status of 400 () @ https://srhpdgqqiuzdrlqaitdk.supabase.co/rest/v1/rituals?select=*&profile_id=eq.5fd740bb-84f9-43b3-80e9-64a71a53fcf6&order=created_at.asc:0
[     799ms] [ERROR] Failed to load resource: the server responded with a status of 400 () @ https://srhpdgqqiuzdrlqaitdk.supabase.co/rest/v1/streaks?select=*&profile_id=eq.5fd740bb-84f9-43b3-80e9-64a71a53fcf6:0
[    1929ms] [ERROR] Failed to load resource: the server responded with a status of 400 () @ https://srhpdgqqiuzdrlqaitdk.supabase.co/rest/v1/daily_activity?select=*&profile_id=eq.5fd740bb-84f9-43b3-80e9-64a71a53fcf6&activity_date=gte.2026-02-15&order=activity_date.desc:0
[    2258ms] [ERROR] Failed to load resource: the server responded with a status of 400 () @ https://srhpdgqqiuzdrlqaitdk.supabase.co/rest/v1/rituals?select=*&profile_id=eq.5fd740bb-84f9-43b3-80e9-64a71a53fcf6&order=created_at.asc:0
[    2308ms] [ERROR] Failed to load resource: the server responded with a status of 400 () @ https://srhpdgqqiuzdrlqaitdk.supabase.co/rest/v1/streaks?select=*&profile_id=eq.5fd740bb-84f9-43b3-80e9-64a71a53fcf6:0
[    4055ms] [ERROR] Failed to load resource: the server responded with a status of 400 () @ https://srhpdgqqiuzdrlqaitdk.supabase.co/rest/v1/daily_activity?select=*&profile_id=eq.5fd740bb-84f9-43b3-80e9-64a71a53fcf6&activity_date=gte.2026-02-15&order=activity_date.desc:0
[    4326ms] [ERROR] Failed to load resource: the server responded with a status of 400 () @ https://srhpdgqqiuzdrlqaitdk.supabase.co/rest/v1/rituals?select=*&profile_id=eq.5fd740bb-84f9-43b3-80e9-64a71a53fcf6&order=created_at.asc:0
[    4380ms] [ERROR] Failed to load resource: the server responded with a status of 400 () @ https://srhpdgqqiuzdrlqaitdk.supabase.co/rest/v1/streaks?select=*&profile_id=eq.5fd740bb-84f9-43b3-80e9-64a71a53fcf6:0
[   18249ms] [ERROR] Failed to load resource: the server responded with a status of 400 () @ https://srhpdgqqiuzdrlqaitdk.supabase.co/rest/v1/crm_contacts?select=pipeline_stage:0
[   18310ms] [WARNING] The width(-1) and height(-1) of chart should be greater than 0,
       please check the style of container, or the props width(100%) and height(100%),
       or add a minWidth(0) or minHeight(undefined) or use aspect(undefined) to control the
       height and width. @ https://off-market-amber.vercel.app/_next/static/chunks/17c9625d5d2d5344.js:0
[   18310ms] [WARNING] The width(-1) and height(-1) of chart should be greater than 0,
       please check the style of container, or the props width(100%) and height(100%),
       or add a minWidth(0) or minHeight(undefined) or use aspect(undefined) to control the
       height and width. @ https://off-market-amber.vercel.app/_next/static/chunks/17c9625d5d2d5344.js:0
[   19340ms] [ERROR] Failed to load resource: the server responded with a status of 400 () @ https://srhpdgqqiuzdrlqaitdk.supabase.co/rest/v1/crm_contacts?select=pipeline_stage:0
[   21428ms] [ERROR] Failed to load resource: the server responded with a status of 400 () @ https://srhpdgqqiuzdrlqaitdk.supabase.co/rest/v1/crm_contacts?select=pipeline_stage:0
[   25562ms] [ERROR] Failed to load resource: the server responded with a status of 400 () @ https://srhpdgqqiuzdrlqaitdk.supabase.co/rest/v1/crm_contacts?select=pipeline_stage:0
