[     712ms] [ERROR] Failed to load resource: the server responded with a status of 404 () @ https://srhpdgqqiuzdrlqaitdk.supabase.co/rest/v1/daily_activity?select=*&profile_id=eq.12e2e0fe-cc7e-4a71-b806-f98d2b58e27e&activity_date=gte.2026-02-14&order=activity_date.desc:0
[     716ms] [ERROR] Failed to load resource: the server responded with a status of 400 () @ https://srhpdgqqiuzdrlqaitdk.supabase.co/rest/v1/streaks?select=*&profile_id=eq.12e2e0fe-cc7e-4a71-b806-f98d2b58e27e:0
[     716ms] [ERROR] Failed to load resource: the server responded with a status of 404 () @ https://srhpdgqqiuzdrlqaitdk.supabase.co/rest/v1/upsell_triggers?select=*%2Crule%3Aupsell_rules%28*%29&client_id=eq.12e2e0fe-cc7e-4a71-b806-f98d2b58e27e&status=in.%28pending%2Cnotified%29&order=triggered_at.desc:0
[     721ms] [ERROR] Failed to load resource: the server responded with a status of 404 () @ https://srhpdgqqiuzdrlqaitdk.supabase.co/rest/v1/rituals?select=*&profile_id=eq.12e2e0fe-cc7e-4a71-b806-f98d2b58e27e&order=created_at.asc:0
[     724ms] [ERROR] Failed to load resource: the server responded with a status of 400 () @ https://srhpdgqqiuzdrlqaitdk.supabase.co/rest/v1/notifications?select=*&recipient_id=eq.12e2e0fe-cc7e-4a71-b806-f98d2b58e27e&is_archived=eq.false&order=created_at.desc&limit=100:0
[    1782ms] [ERROR] Failed to load resource: the server responded with a status of 404 () @ https://srhpdgqqiuzdrlqaitdk.supabase.co/rest/v1/upsell_triggers?select=*%2Crule%3Aupsell_rules%28*%29&client_id=eq.12e2e0fe-cc7e-4a71-b806-f98d2b58e27e&status=in.%28pending%2Cnotified%29&order=triggered_at.desc:0
[    1787ms] [ERROR] Failed to load resource: the server responded with a status of 404 () @ https://srhpdgqqiuzdrlqaitdk.supabase.co/rest/v1/daily_activity?select=*&profile_id=eq.12e2e0fe-cc7e-4a71-b806-f98d2b58e27e&activity_date=gte.2026-02-14&order=activity_date.desc:0
[    1787ms] [ERROR] Failed to load resource: the server responded with a status of 400 () @ https://srhpdgqqiuzdrlqaitdk.supabase.co/rest/v1/notifications?select=*&recipient_id=eq.12e2e0fe-cc7e-4a71-b806-f98d2b58e27e&is_archived=eq.false&order=created_at.desc&limit=100:0
[    1787ms] [ERROR] Failed to load resource: the server responded with a status of 400 () @ https://srhpdgqqiuzdrlqaitdk.supabase.co/rest/v1/streaks?select=*&profile_id=eq.12e2e0fe-cc7e-4a71-b806-f98d2b58e27e:0
[    1792ms] [ERROR] Failed to load resource: the server responded with a status of 404 () @ https://srhpdgqqiuzdrlqaitdk.supabase.co/rest/v1/rituals?select=*&profile_id=eq.12e2e0fe-cc7e-4a71-b806-f98d2b58e27e&order=created_at.asc:0
[    3852ms] [ERROR] Failed to load resource: the server responded with a status of 404 () @ https://srhpdgqqiuzdrlqaitdk.supabase.co/rest/v1/upsell_triggers?select=*%2Crule%3Aupsell_rules%28*%29&client_id=eq.12e2e0fe-cc7e-4a71-b806-f98d2b58e27e&status=in.%28pending%2Cnotified%29&order=triggered_at.desc:0
[    3859ms] [ERROR] Failed to load resource: the server responded with a status of 404 () @ https://srhpdgqqiuzdrlqaitdk.supabase.co/rest/v1/rituals?select=*&profile_id=eq.12e2e0fe-cc7e-4a71-b806-f98d2b58e27e&order=created_at.asc:0
[    3859ms] [ERROR] Failed to load resource: the server responded with a status of 404 () @ https://srhpdgqqiuzdrlqaitdk.supabase.co/rest/v1/daily_activity?select=*&profile_id=eq.12e2e0fe-cc7e-4a71-b806-f98d2b58e27e&activity_date=gte.2026-02-14&order=activity_date.desc:0
[    3863ms] [ERROR] Failed to load resource: the server responded with a status of 400 () @ https://srhpdgqqiuzdrlqaitdk.supabase.co/rest/v1/streaks?select=*&profile_id=eq.12e2e0fe-cc7e-4a71-b806-f98d2b58e27e:0
[    3864ms] [ERROR] Failed to load resource: the server responded with a status of 400 () @ https://srhpdgqqiuzdrlqaitdk.supabase.co/rest/v1/notifications?select=*&recipient_id=eq.12e2e0fe-cc7e-4a71-b806-f98d2b58e27e&is_archived=eq.false&order=created_at.desc&limit=100:0
[    7931ms] [ERROR] Failed to load resource: the server responded with a status of 404 () @ https://srhpdgqqiuzdrlqaitdk.supabase.co/rest/v1/rituals?select=*&profile_id=eq.12e2e0fe-cc7e-4a71-b806-f98d2b58e27e&order=created_at.asc:0
[    7931ms] [ERROR] Failed to load resource: the server responded with a status of 400 () @ https://srhpdgqqiuzdrlqaitdk.supabase.co/rest/v1/streaks?select=*&profile_id=eq.12e2e0fe-cc7e-4a71-b806-f98d2b58e27e:0
[    7935ms] [ERROR] Failed to load resource: the server responded with a status of 404 () @ https://srhpdgqqiuzdrlqaitdk.supabase.co/rest/v1/upsell_triggers?select=*%2Crule%3Aupsell_rules%28*%29&client_id=eq.12e2e0fe-cc7e-4a71-b806-f98d2b58e27e&status=in.%28pending%2Cnotified%29&order=triggered_at.desc:0
[    7935ms] [ERROR] Failed to load resource: the server responded with a status of 404 () @ https://srhpdgqqiuzdrlqaitdk.supabase.co/rest/v1/daily_activity?select=*&profile_id=eq.12e2e0fe-cc7e-4a71-b806-f98d2b58e27e&activity_date=gte.2026-02-14&order=activity_date.desc:0
[    7936ms] [ERROR] Failed to load resource: the server responded with a status of 400 () @ https://srhpdgqqiuzdrlqaitdk.supabase.co/rest/v1/notifications?select=*&recipient_id=eq.12e2e0fe-cc7e-4a71-b806-f98d2b58e27e&is_archived=eq.false&order=created_at.desc&limit=100:0
